2018-09-20 20:16:15,121 : Start
2018-09-20 20:16:15,124 : -------------------------------------------------------
2018-09-20 20:17:17,383 : [{'W1': array([[ 5.86991979e-03, -7.10998485e-03, -1.12480206e-02],
       [ 2.64762236e-05,  2.07256269e-02, -2.34994297e-02],
       [-5.43636947e-03, -1.01199431e-02, -1.72946048e-03]]), 'b1': array([[ 0.64028725],
       [ 0.08837688],
       [-0.82159957]]), 'W2': array([[1.48424715, 1.75163536, 0.01675482]]), 'b2': array([[-0.30006464]])}
 {'W1': array([[-0.00278507,  0.00719311,  0.00638225],
       [-0.0140198 ,  0.00059711, -0.00075628],
       [-0.00323299, -0.00197354, -0.01424063]]), 'b1': array([[-0.52975972],
       [ 0.04352869],
       [-0.41421092]]), 'W2': array([[-1.1912634 ,  0.77080891, -0.53407033]]), 'b2': array([[-0.07327825]])}
 {'W1': array([[-0.01392926,  0.01645401, -0.01030825],
       [ 0.01939845,  0.00153736, -0.00362018],
       [-0.00974028, -0.01071036, -0.01380102]]), 'b1': array([[-0.27951845],
       [-0.65985618],
       [ 0.22371991]]), 'W2': array([[-0.9640638 ,  1.76657675,  2.52735597]]), 'b2': array([[-0.00461831]])}
 {'W1': array([[-9.22060002e-03, -9.25181913e-03, -6.84496395e-03],
       [ 8.48037518e-03, -1.90681350e-03, -5.23761578e-03],
       [ 3.29990917e-03, -2.72696084e-03,  5.02517270e-05]]), 'b1': array([[0.48715059],
       [0.0508186 ],
       [0.16325648]]), 'W2': array([[1.95436524, 2.01219567, 0.65704581]]), 'b2': array([[0.0398619]])}]
2018-09-20 20:17:17,464 : -------------------------------------------------------
