2018-09-20 20:28:03,273 : Start
2018-09-20 20:28:03,277 : -------------------------------------------------------
2018-09-20 20:28:03,280 : Generation: 0
2018-09-20 20:28:03,281 : a new day has come
2018-09-20 20:29:05,996 : [0, 0, 0, 0, 0, 0, 0, 0, 0, 0, 0, 0]
2018-09-20 20:29:05,997 : [0 1 2 3]
2018-09-20 20:29:06,000 : generating next gen
2018-09-20 20:29:19,991 : 
2018-09-20 20:29:19,993 : -------------------------------------------------------
2018-09-20 20:29:19,996 : Generation: 1
2018-09-20 20:29:19,997 : a new day has come
2018-09-20 20:30:27,003 : [0, 0, 0, 0, 0, 0, 0, 0, 0, 0, 0, 0]
2018-09-20 20:30:27,004 : [0 1 2 3]
2018-09-20 20:30:27,007 : generating next gen
00188867, -0.00355921]]), 'b1': array([[-1.10488574],
       [ 0.21442072],
       [ 0.05320982]]), 'W2': array([[-1.11384692,  0.7317791 , -1.46765394]]), 'b2': array([[0.02351652]])}
 {'W1': array([[-0.00323311,  0.01245911, -0.02154571],
       [ 0.02434858, -0.01244662, -0.0151908 ],
       [-0.00652569,  0.00083646, -0.00202448]]), 'b1': array([[ 0.11922007],
       [-0.04851836],
       [-0.49246165]]), 'W2': array([[ 0.49837596, -1.29796824, -2.33557531]]), 'b2': array([[-0.12680522]])}
 {'W1': array([[-0.02263418,  0.00095494,  0.00342293],
       [-0.01855713,  0.00833012, -0.00477508],
       [ 0.02332321, -0.02669092,  0.01312406]]), 'b1': array([[-0.06703235],
       [-0.01314366],
       [-0.09109724]]), 'W2': array([[ 0.21741173, -0.4581772 ,  2.09655958]]), 'b2': array([[0.14254973]])}
 {'W1': array([[-0.00407884, -0.00801995,  0.00394406],
       [ 0.00318101,  0.00238269, -0.00340159],
       [-0.01179277, -0.02811377,  0.01333311]]), 'b1': array([[-0.60621287],
       [ 0.00826085],
       [ 0.40460814]]), 'W2': array([[-2.68587795,  1.56003481, -2.83596254]]), 'b2': array([[0.13715298]])}]
2018-09-20 20:29:19,991 INFO 
2018-09-20 20:29:19,993 INFO -------------------------------------------------------
2018-09-20 20:29:19,994 INFO -------------------------------------------------------
2018-09-20 20:29:19,996 INFO Generation: 1
2018-09-20 20:29:19,997 INFO a new day has come
2018-09-20 20:30:27,003 INFO [0, 0, 0, 0, 0, 0, 0, 0, 0, 0, 0, 0]
2018-09-20 20:30:27,004 INFO [0 1 2 3]
2018-09-20 20:30:27,007 INFO generating next gen
