2018-09-21 14:13:18,452 : Start
2018-09-21 14:13:23,558 : -------------------------------------------------------
2018-09-21 14:14:24,826 : [{'W1': array([[-0.00134726,  0.00401992,  0.00742871],
       [-0.01699257, -0.01129785, -0.00871401],
       [ 0.01688178,  0.0062525 , -0.00625535]]), 'b1': array([[0.11870865],
       [1.10635092],
       [0.79737546]]), 'W2': array([[-3.04913734,  0.83064405, -2.78950789]]), 'b2': array([[0.05394058]])}
 {'W1': array([[ 0.00438784, -0.00740837,  0.01024364],
       [-0.01196936, -0.00165351, -0.00805867],
       [ 0.01797548, -0.01076278,  0.00912488]]), 'b1': array([[0.06286935],
       [0.06953214],
       [0.45639867]]), 'W2': array([[-0.32943018,  1.23431172, -1.68877909]]), 'b2': array([[-0.15436952]])}
 {'W1': array([[ 0.0098021 ,  0.00698524, -0.00307553],
       [ 0.00652613,  0.00399762, -0.00606765],
       [ 0.00713709,  0.00496756,  0.00344912]]), 'b1': array([[ 0.71982114],
       [-0.08122514],
       [ 0.2345628 ]]), 'W2': array([[0.50656967, 3.09481045, 0.07235171]]), 'b2': array([[0.09840732]])}
 {'W1': array([[ 0.00596835, -0.00305963, -0.01226812],
       [ 0.00343355, -0.01381514, -0.00792454],
       [ 0.00106384,  0.01110495,  0.00720548]]), 'b1': array([[-0.1709009 ],
       [ 0.54000109],
       [ 0.49769803]]), 'W2': array([[0.06081615, 0.14629415, 0.86832313]]), 'b2': array([[0.13136515]])}]
2018-09-21 14:14:24,886 : -------------------------------------------------------
2018-09-21 14:15:22,345 : [{'W1': array([[-0.00134726,  0.00401992,  0.00742871],
       [-0.01699257, -0.01129785, -0.00871401],
       [ 0.01688178,  0.0062525 , -0.00625535]]), 'W2': array([[-3.04913734,  0.83064405, -2.78950789]]), 'b1': array([[0.11870865],
       [1.10635092],
       [0.79737546]]), 'b2': array([[0.05394058]])}
 {'W1': array([[ 0.00438784, -0.00740837,  0.01024364],
       [-0.01196936, -0.00165351, -0.00805867],
       [ 0.01797548, -0.01076278,  0.00912488]]), 'W2': array([[-0.32943018,  1.23431172, -1.68877909]]), 'b1': array([[0.06286935],
       [0.06953214],
       [0.45639867]]), 'b2': array([[-0.15436952]])}
 {'W1': array([[ 0.0098021 ,  0.00698524, -0.00307553],
       [ 0.00652613,  0.00399762, -0.00606765],
       [ 0.00713709,  0.00496756,  0.00344912]]), 'W2': array([[0.50656967, 3.09481045, 0.07235171]]), 'b1': array([[ 0.71982114],
       [-0.08122514],
       [ 0.2345628 ]]), 'b2': array([[0.09840732]])}
 {'W1': array([[ 0.00596835, -0.00305963, -0.01226812],
       [ 0.00343355, -0.01381514, -0.00792454],
       [ 0.00106384,  0.01110495,  0.00720548]]), 'W2': array([[0.06081615, 0.14629415, 0.86832313]]), 'b1': array([[-0.1709009 ],
       [ 0.54000109],
       [ 0.49769803]]), 'b2': array([[0.13136515]])}]
2018-09-21 14:15:22,401 : -------------------------------------------------------
2018-09-21 14:16:20,352 : [{'W1': array([[-0.00134726,  0.00401992,  0.00742871],
       [-0.01699257, -0.01129785, -0.00871401],
       [ 0.01688178,  0.0062525 , -0.00625535]]), 'W2': array([[-3.04913734,  0.83064405, -2.78950789]]), 'b1': array([[0.11870865],
       [1.10635092],
       [0.79737546]]), 'b2': array([[0.05394058]])}
 {'W1': array([[ 0.00438784, -0.00740837,  0.01024364],
       [-0.01196936, -0.00165351, -0.00805867],
       [ 0.01797548, -0.01076278,  0.00912488]]), 'W2': array([[-0.32943018,  1.23431172, -1.68877909]]), 'b1': array([[0.06286935],
       [0.06953214],
       [0.45639867]]), 'b2': array([[-0.15436952]])}
 {'W1': array([[ 0.0098021 ,  0.00698524, -0.00307553],
       [ 0.00652613,  0.00399762, -0.00606765],
       [ 0.00713709,  0.00496756,  0.00344912]]), 'W2': array([[0.50656967, 3.09481045, 0.07235171]]), 'b1': array([[ 0.71982114],
       [-0.08122514],
       [ 0.2345628 ]]), 'b2': array([[0.09840732]])}
 {'W1': array([[ 0.00596835, -0.00305963, -0.01226812],
       [ 0.00343355, -0.01381514, -0.00792454],
       [ 0.00106384,  0.01110495,  0.00720548]]), 'W2': array([[0.06081615, 0.14629415, 0.86832313]]), 'b1': array([[-0.1709009 ],
       [ 0.54000109],
       [ 0.49769803]]), 'b2': array([[0.13136515]])}]
2018-09-21 14:16:20,420 : -------------------------------------------------------
2018-09-21 14:18:09,768 : [{'W1': array([[ 0.00438784, -0.00740837,  0.01024364],
       [-0.01196936,  0.00331758, -0.00805867],
       [ 0.01797548, -0.01419853,  0.00912488]]), 'W2': array([[-0.32943018,  1.85629049, -1.68877909]]), 'b1': array([[0.06286935],
       [0.06953214],
       [0.45639867]]), 'b2': array([[-0.15436952]])}
 {'W1': array([[-0.00134726,  0.00401992,  0.00742871],
       [-0.01699257, -0.01129785, -0.00871401],
       [ 0.01688178,  0.0062525 , -0.00625535]]), 'W2': array([[-3.04913734,  0.83064405, -2.78950789]]), 'b1': array([[0.11870865],
       [1.10635092],
       [0.79737546]]), 'b2': array([[0.05394058]])}
 {'W1': array([[ 0.00438784, -0.00740837,  0.01024364],
       [-0.01196936, -0.00165351, -0.00805867],
       [ 0.01797548, -0.01076278,  0.00912488]]), 'W2': array([[-0.32943018,  1.23431172, -1.68877909]]), 'b1': array([[0.06286935],
       [0.06953214],
       [0.45639867]]), 'b2': array([[-0.15436952]])}
 {'W1': array([[ 0.0098021 ,  0.00698524, -0.00307553],
       [ 0.00652613,  0.00399762, -0.00606765],
       [ 0.00713709,  0.00496756,  0.00344912]]), 'W2': array([[0.50656967, 3.09481045, 0.07235171]]), 'b1': array([[ 0.71982114],
       [-0.08122514],
       [ 0.2345628 ]]), 'b2': array([[0.09840732]])}]
2018-09-21 14:18:09,881 : -------------------------------------------------------
2018-09-21 14:22:32,344 : [{'W1': array([[ 0.00438784, -0.00195288,  0.01024364],
       [-0.01196936,  0.00331758, -0.00805867],
       [ 0.01797548, -0.00853163,  0.00912488]]), 'W2': array([[ 0.10637357,  1.85629049, -1.68877909]]), 'b1': array([[0.06286935],
       [0.06953214],
       [0.45639867]]), 'b2': array([[-0.15436952]])}
 {'W1': array([[ 0.0098021 ,  0.00698524, -0.01091262],
       [-0.01196936,  0.00331758, -0.00885002],
       [ 0.01797548, -0.01419853,  0.00912488]]), 'W2': array([[-0.32943018,  1.85629049, -1.68877909]]), 'b1': array([[0.06286935],
       [0.06953214],
       [0.45639867]]), 'b2': array([[-0.15436952]])}
 {'W1': array([[ 0.00438784, -0.00740837,  0.01024364],
       [-0.01196936,  0.00331758, -0.00805867],
       [ 0.01797548, -0.01419853,  0.00912488]]), 'W2': array([[-0.32943018,  1.85629049, -1.68877909]]), 'b1': array([[0.06286935],
       [0.06953214],
       [0.45639867]]), 'b2': array([[-0.15436952]])}
 {'W1': array([[ 0.0098021 , -0.00740837,  0.01024364],
       [-0.01196936, -0.00165351, -0.00805867],
       [ 0.01797548, -0.01076278,  0.00912488]]), 'W2': array([[ 0.09288225,  1.23431172, -1.68877909]]), 'b1': array([[0.06286935],
       [0.06953214],
       [0.43151651]]), 'b2': array([[0.09840732]])}]
2018-09-21 14:22:32,460 : -------------------------------------------------------
