2018-09-20 20:43:16,345 : Start
2018-09-20 20:43:16,349 : -------------------------------------------------------
2018-09-20 20:44:18,456 : [{'W1': array([[-0.00642052,  0.01413988,  0.00249589],
       [-0.02170284, -0.00434535, -0.00105311],
       [-0.00320858,  0.00106696, -0.00973924]]), 'b1': array([[ 0.10184448],
       [-0.14275586],
       [-0.50119973]]), 'W2': array([[0.22975866, 2.23141212, 1.29777608]]), 'b2': array([[-0.04104845]])}
 {'W1': array([[-0.01213643,  0.01088154,  0.00726172],
       [-0.0021301 ,  0.00667126, -0.00341295],
       [ 0.00179753,  0.01969788, -0.00747529]]), 'b1': array([[-0.32984244],
       [ 0.70447031],
       [-0.83673088]]), 'W2': array([[0.05582173, 1.24843284, 1.12972602]]), 'b2': array([[0.00188657]])}
 {'W1': array([[ 0.00334674, -0.01019615, -0.00722293],
       [ 0.00221349, -0.00798056,  0.0101406 ],
       [-0.01131479,  0.00620124, -0.01636951]]), 'b1': array([[ 0.12163102],
       [-0.284339  ],
       [-0.298887  ]]), 'W2': array([[-0.38615394, -0.4019315 , -2.36385699]]), 'b2': array([[0.03183745]])}
 {'W1': array([[-0.0134136 ,  0.02338092,  0.00855636],
       [ 0.00058751, -0.00071207, -0.01047219],
       [ 0.00857788, -0.01642414,  0.01010108]]), 'b1': array([[-1.37610256],
       [-0.16925668],
       [-0.75495958]]), 'W2': array([[-0.89005129,  1.28182571, -1.54830484]]), 'b2': array([[-0.2271185]])}]
2018-09-20 20:44:18,517 : -------------------------------------------------------
