2018-09-20 20:00:14,834 : Start
2018-09-20 20:00:14,837 : -------------------------------------------------------
2018-09-20 20:01:15,683 : [{'W1': array([[ 0.00276727,  0.01188719, -0.00594177],
       [ 0.00871721, -0.01758418,  0.00208689],
       [ 0.00304278, -0.00150385,  0.01634873]]), 'b1': array([[-0.16762319],
       [ 0.25745147],
       [-0.53170702]]), 'W2': array([[ 0.14314566,  0.67373167, -2.33043566]]), 'b2': array([[-0.10396221]])}
 {'W1': array([[-0.00732248, -0.00992304, -0.00383592],
       [-0.00468919, -0.00077407, -0.01410755],
       [-0.01179825,  0.01192302,  0.00079335]]), 'b1': array([[ 0.51509778],
       [-0.32506507],
       [ 0.56421977]]), 'W2': array([[ 0.71774255,  1.0110303 , -0.54060498]]), 'b2': array([[0.26207497]])}
 {'W1': array([[-0.01005798,  0.0020439 ,  0.00126076],
       [-0.02027028,  0.02261422,  0.01130385],
       [-0.00663578,  0.02043377, -0.01707897]]), 'b1': array([[ 0.1657656 ],
       [-0.43103824],
       [-0.50856002]]), 'W2': array([[-0.23714368, -1.4000523 ,  1.60683752]]), 'b2': array([[0.05479964]])}
 {'W1': array([[-0.00212867,  0.00538137,  0.00154129],
       [-0.00747614,  0.00259691, -0.00725366],
       [ 0.01684654,  0.0057078 ,  0.00372659]]), 'b1': array([[0.19365111],
       [0.45964845],
       [1.33058713]]), 'W2': array([[-0.65763027,  1.09391994,  0.11601432]]), 'b2': array([[-0.19509663]])}]
2018-09-20 20:01:15,741 : -------------------------------------------------------
