2018-09-20 20:47:38,787 : Start
2018-09-20 20:47:38,792 : -------------------------------------------------------
2018-09-20 20:51:49,734 : [{'W1': array([[ 0.007931  , -0.01343143, -0.00602753],
       [ 0.00928756, -0.00735285,  0.01142303],
       [ 0.00467635, -0.00188008, -0.00649145]]), 'b1': array([[ 0.57267193],
       [-0.40175787],
       [-0.43804918]]), 'W2': array([[-1.50808077, -1.23188618, -0.39380763]]), 'b2': array([[0.05668637]])}
 {'W1': array([[-0.00627033, -0.00156996,  0.00085396],
       [-0.02521666,  0.00467897,  0.00165093],
       [ 0.00210268, -0.01009259,  0.01901428]]), 'b1': array([[-0.2811033 ],
       [ 0.52699542],
       [ 0.17681687]]), 'W2': array([[ 0.00804483,  0.26259359, -2.45739512]]), 'b2': array([[-0.27647008]])}
 {'W1': array([[-0.01036184,  0.01297987,  0.00428641],
       [ 0.00382736, -0.00305316,  0.00017947],
       [ 0.00402933,  0.00789873,  0.00726099]]), 'b1': array([[-0.09451702],
       [-0.16223672],
       [ 0.60661204]]), 'W2': array([[-0.90498925,  0.57767642,  0.53021819]]), 'b2': array([[-0.05218962]])}
 {'W1': array([[-1.17951352e-02, -4.95231705e-03,  8.52786620e-03],
       [ 5.62694335e-05,  9.16982455e-04,  1.16473898e-02],
       [-6.50234428e-03,  3.02282705e-04, -2.41104507e-03]]), 'b1': array([[ 0.47979363],
       [-0.92775984],
       [-0.16032688]]), 'W2': array([[ 2.95788748, -2.41205548,  1.04713442]]), 'b2': array([[-0.28026557]])}]
2018-09-20 20:51:49,793 : -------------------------------------------------------
