2018-09-21 14:06:24,269 : Start
2018-09-21 14:06:24,273 : -------------------------------------------------------
2018-09-21 14:08:39,661 : [{'W1': array([[ 0.01295361, -0.00691613,  0.0053977 ],
       [ 0.00188933,  0.00592739,  0.00276291],
       [ 0.03122653,  0.01653833,  0.01197092]]), 'b1': array([[-0.76388274],
       [-0.77433869],
       [ 1.51732659]]), 'W2': array([[0.73290208, 2.41481751, 1.41943346]]), 'b2': array([[0.03783102]])}
 {'W1': array([[-0.00655715, -0.010576  , -0.00510693],
       [ 0.01406038, -0.01207143, -0.00451575],
       [-0.02050556, -0.00685006,  0.00992608]]), 'b1': array([[ 0.47491804],
       [-0.63045836],
       [ 0.13957565]]), 'W2': array([[ 1.90277441, -0.44626133, -1.58625854]]), 'b2': array([[-0.23810598]])}
 {'W1': array([[ 1.34245095e-02, -3.07652868e-03, -2.71132362e-03],
       [ 1.21241021e-02, -5.94970574e-03, -4.14928068e-05],
       [-1.29957538e-03,  2.49522861e-03, -1.51403115e-02]]), 'b1': array([[ 0.70332843],
       [ 0.47120468],
       [-0.10657369]]), 'W2': array([[-1.05256235, -0.34323545,  0.78066592]]), 'b2': array([[0.1280399]])}
 {'W1': array([[ 0.00921622, -0.00571268, -0.00706642],
       [-0.00428646,  0.02426881, -0.00335307],
       [ 0.01702139, -0.00326831,  0.0094251 ]]), 'b1': array([[ 0.7351606 ],
       [-0.00163167],
       [ 0.28629358]]), 'W2': array([[ 1.84942673,  2.04222779, -0.4907279 ]]), 'b2': array([[0.02075524]])}]
2018-09-21 14:08:39,725 : -------------------------------------------------------
