2018-09-21 14:06:24,268 : Start
2018-09-21 14:06:24,271 : -------------------------------------------------------
2018-09-21 14:06:24,274 : Generation: 0
2018-09-21 14:06:24,276 : a new day has come
2018-09-21 14:08:39,634 : [1, 1, 1, 1, 1, 1, 1, 1, 1, 1, 1, 1]
2018-09-21 14:08:39,636 : [0 1 2 3]
2018-09-21 14:08:39,639 : generating next gen
2018-09-21 14:08:39,721 : 
2018-09-21 14:08:39,722 : -------------------------------------------------------
2018-09-21 14:08:39,728 : Generation: 1
2018-09-21 14:08:39,730 : a new day has come
2018-09-21 14:10:07,839 : [3, 4, 1, 1, 2, 1, 1, 5, 2, 2, 1, 6]
2018-09-21 14:10:07,840 : [11  7  1  0]
2018-09-21 14:10:07,843 : generating next gen
3833,  0.01197092]]), 'b1': array([[-0.76388274],
       [-0.77433869],
       [ 1.51732659]]), 'W2': array([[0.73290208, 2.41481751, 1.41943346]]), 'b2': array([[0.03783102]])}
 {'W1': array([[-0.00655715, -0.010576  , -0.00510693],
       [ 0.01406038, -0.01207143, -0.00451575],
       [-0.02050556, -0.00685006,  0.00992608]]), 'b1': array([[ 0.47491804],
       [-0.63045836],
       [ 0.13957565]]), 'W2': array([[ 1.90277441, -0.44626133, -1.58625854]]), 'b2': array([[-0.23810598]])}
 {'W1': array([[ 1.34245095e-02, -3.07652868e-03, -2.71132362e-03],
       [ 1.21241021e-02, -5.94970574e-03, -4.14928068e-05],
       [-1.29957538e-03,  2.49522861e-03, -1.51403115e-02]]), 'b1': array([[ 0.70332843],
       [ 0.47120468],
       [-0.10657369]]), 'W2': array([[-1.05256235, -0.34323545,  0.78066592]]), 'b2': array([[0.1280399]])}
 {'W1': array([[ 0.00921622, -0.00571268, -0.00706642],
       [-0.00428646,  0.02426881, -0.00335307],
       [ 0.01702139, -0.00326831,  0.0094251 ]]), 'b1': array([[ 0.7351606 ],
       [-0.00163167],
       [ 0.28629358]]), 'W2': array([[ 1.84942673,  2.04222779, -0.4907279 ]]), 'b2': array([[0.02075524]])}]
2018-09-21 14:08:39,721 INFO 
2018-09-21 14:08:39,722 INFO -------------------------------------------------------
2018-09-21 14:08:39,725 INFO -------------------------------------------------------
2018-09-21 14:08:39,728 INFO Generation: 1
2018-09-21 14:08:39,730 INFO a new day has come
2018-09-21 14:10:07,839 INFO [3, 4, 1, 1, 2, 1, 1, 5, 2, 2, 1, 6]
2018-09-21 14:10:07,840 INFO [11  7  1  0]
2018-09-21 14:10:07,843 INFO generating next gen
