2018-09-20 19:58:21,395 : Start
2018-09-20 19:58:21,399 : -------------------------------------------------------
2018-09-20 19:59:22,184 : [{'W1': array([[-0.00500458,  0.0045388 ,  0.01201703],
       [-0.00699968, -0.00673143, -0.00329872],
       [-0.01411149,  0.00352268,  0.00330388]]), 'b1': array([[-0.01412284],
       [-0.46059683],
       [ 0.46762329]]), 'W2': array([[-0.34189723, -0.20054119, -0.01060779]]), 'b2': array([[0.03476412]])}
 {'W1': array([[ 0.00059946, -0.00490134, -0.00308133],
       [ 0.001288  ,  0.00156772, -0.00657104],
       [-0.02316846, -0.00306723,  0.00524347]]), 'b1': array([[-0.19156436],
       [ 0.35669003],
       [-0.06060161]]), 'W2': array([[ 0.97271521,  0.59432177, -2.7208428 ]]), 'b2': array([[-0.03666151]])}
 {'W1': array([[-0.01128671, -0.00335926,  0.00090741],
       [ 0.0121857 ,  0.01469735, -0.01646622],
       [ 0.00763904,  0.00411995, -0.00292279]]), 'b1': array([[-0.33966332],
       [-0.30532496],
       [ 0.05748888]]), 'W2': array([[-0.67836755, -0.39594511, -0.76546754]]), 'b2': array([[0.00379986]])}
 {'W1': array([[-0.00939369, -0.01839864,  0.00163142],
       [-0.00944504,  0.00667621,  0.02433164],
       [ 0.02005797,  0.01003977, -0.01294279]]), 'b1': array([[-0.59866795],
       [ 1.41180455],
       [ 0.57381148]]), 'W2': array([[-0.45819629, -0.87890033,  0.51921574]]), 'b2': array([[0.14733394]])}]
