2018-09-20 20:20:51,054 : Start
2018-09-20 20:20:51,058 : -------------------------------------------------------
2018-09-20 20:23:19,333 : [{'W1': array([[ 4.65010389e-03, -3.54304105e-03, -8.42336625e-05],
       [ 1.20625510e-02,  7.11528156e-03,  1.73298081e-02],
       [ 2.95103028e-03, -5.85763733e-03,  4.48239316e-03]]), 'b1': array([[ 1.01864038],
       [-0.0369205 ],
       [ 0.19318616]]), 'W2': array([[ 2.07507315,  0.89404143, -1.38168297]]), 'b2': array([[-0.21111622]])}
 {'W1': array([[ 0.00769037, -0.01045243,  0.01165039],
       [ 0.00169776,  0.01237664,  0.01341713],
       [-0.00591355, -0.00947798,  0.00843464]]), 'b1': array([[ 0.37514649],
       [ 0.45183324],
       [-0.51428364]]), 'W2': array([[ 1.24659891, -0.26880044, -1.89844944]]), 'b2': array([[-0.01353126]])}
 {'W1': array([[ 0.00548091, -0.01253493, -0.00250563],
       [-0.00253972, -0.00375271,  0.00402238],
       [ 0.00029449, -0.01071587, -0.01234914]]), 'b1': array([[-0.87851859],
       [ 0.32370302],
       [ 0.1941096 ]]), 'W2': array([[-0.73666926, -0.22274054,  0.59289926]]), 'b2': array([[0.05006501]])}
 {'W1': array([[ 0.0084127 ,  0.03394228,  0.0114239 ],
       [ 0.00082296, -0.01731086,  0.00243198],
       [ 0.01290021,  0.0028078 , -0.00986338]]), 'b1': array([[ 1.21274779],
       [ 1.33878995],
       [-0.27991448]]), 'W2': array([[0.24374217, 0.84869984, 1.03520903]]), 'b2': array([[-0.08764591]])}]
2018-09-20 20:23:19,396 : -------------------------------------------------------
