2018-09-21 14:13:18,450 : Start
2018-09-21 14:13:23,557 : -------------------------------------------------------
2018-09-21 14:13:23,560 : Generation: 0
2018-09-21 14:13:23,561 : a new day has come
2018-09-21 14:14:24,800 : [1, 1, 1, 1, 1, 1, 1, 1, 1, 1, 1, 1]
2018-09-21 14:14:24,802 : [0 1 2 3]
2018-09-21 14:14:24,805 : genarating next gen
2018-09-21 14:14:24,883 : 
2018-09-21 14:14:24,884 : -------------------------------------------------------
2018-09-21 14:14:24,888 : Generation: 1
2018-09-21 14:14:24,889 : a new day has come
2018-09-21 14:15:22,314 : [1, 1, 1, 1, 1, 1, 1, 1, 1, 1, 1, 1]
2018-09-21 14:15:22,316 : [0 1 2 3]
2018-09-21 14:15:22,320 : genarating next gen
2018-09-21 14:15:22,399 : 
2018-09-21 14:15:22,400 : -------------------------------------------------------
2018-09-21 14:15:22,403 : Generation: 2
2018-09-21 14:15:22,404 : a new day has come
2018-09-21 14:16:20,324 : [1, 1, 1, 1, 1, 1, 1, 1, 1, 1, 1, 1]
2018-09-21 14:16:20,325 : [0 1 2 3]
2018-09-21 14:16:20,330 : genarating next gen
2018-09-21 14:16:20,417 : 
2018-09-21 14:16:20,418 : -------------------------------------------------------
2018-09-21 14:16:20,422 : Generation: 3
2018-09-21 14:16:20,423 : a new day has come
2018-09-21 14:18:09,744 : [1, 1, 1, 1, 1, 1, 1, 1, 45, 1, 1, 1]
2018-09-21 14:18:09,745 : [8 0 1 2]
2018-09-21 14:18:09,747 : genarating next gen
2018-09-21 14:18:09,823 : [{'W1': array([[ 0.00438784, -0.00740837,  0.01024364],
       [-0.01196936,  0.00331758, -0.00805867],
       [ 0.01797548, -0.01419853,  0.00912488]]), 'W2': array([[-0.32943018,  1.85629049, -1.68877909]]), 'b1': array([[0.06286935],
       [0.06953214],
       [0.45639867]]), 'b2': array([[-0.15436952]])}
 {'W1': array([[-0.00134726,  0.00401992,  0.00742871],
       [-0.01699257, -0.01129785, -0.00871401],
       [ 0.01688178,  0.0062525 , -0.00625535]]), 'W2': array([[-3.04913734,  0.83064405, -2.78950789]]), 'b1': array([[0.11870865],
       [1.10635092],
       [0.79737546]]), 'b2': array([[0.05394058]])}
 {'W1': array([[ 0.00438784, -0.00740837,  0.01024364],
       [-0.01196936, -0.00165351, -0.00805867],
       [ 0.01797548, -0.01076278,  0.00912488]]), 'W2': array([[-0.32943018,  1.23431172, -1.68877909]]), 'b1': array([[0.06286935],
       [0.06953214],
       [0.45639867]]), 'b2': array([[-0.15436952]])}
 {'W1': array([[ 0.0098021 ,  0.00698524, -0.00307553],
       [ 0.00652613,  0.00399762, -0.00606765],
       [ 0.00713709,  0.00496756,  0.00344912]]), 'W2': array([[0.50656967, 3.09481045, 0.07235171]]), 'b1': array([[ 0.71982114],
       [-0.08122514],
       [ 0.2345628 ]]), 'b2': array([[0.09840732]])}]
2018-09-21 14:18:09,879 : -------------------------------------------------------
2018-09-21 14:18:09,882 : Generation: 4
2018-09-21 14:18:09,884 : a new day has come
2018-09-21 14:22:32,319 : [55, 1, 1, 1, 1, 1, 1, 61, 3, 1, 2, 63]
2018-09-21 14:22:32,320 : [11  7  0  8]
2018-09-21 14:22:32,324 : genarating next gen
2018-09-21 14:22:32,403 : [{'W1': array([[ 0.00438784, -0.00195288,  0.01024364],
       [-0.01196936,  0.00331758, -0.00805867],
       [ 0.01797548, -0.00853163,  0.00912488]]), 'W2': array([[ 0.10637357,  1.85629049, -1.68877909]]), 'b1': array([[0.06286935],
       [0.06953214],
       [0.45639867]]), 'b2': array([[-0.15436952]])}
 {'W1': array([[ 0.0098021 ,  0.00698524, -0.01091262],
       [-0.01196936,  0.00331758, -0.00885002],
       [ 0.01797548, -0.01419853,  0.00912488]]), 'W2': array([[-0.32943018,  1.85629049, -1.68877909]]), 'b1': array([[0.06286935],
       [0.06953214],
       [0.45639867]]), 'b2': array([[-0.15436952]])}
 {'W1': array([[ 0.00438784, -0.00740837,  0.01024364],
       [-0.01196936,  0.00331758, -0.00805867],
       [ 0.01797548, -0.01419853,  0.00912488]]), 'W2': array([[-0.32943018,  1.85629049, -1.68877909]]), 'b1': array([[0.06286935],
       [0.06953214],
       [0.45639867]]), 'b2': array([[-0.15436952]])}
 {'W1': array([[ 0.0098021 , -0.00740837,  0.01024364],
       [-0.01196936, -0.00165351, -0.00805867],
       [ 0.01797548, -0.01076278,  0.00912488]]), 'W2': array([[ 0.09288225,  1.23431172, -1.68877909]]), 'b1': array([[0.06286935],
       [0.06953214],
       [0.43151651]]), 'b2': array([[0.09840732]])}]
2018-09-21 14:22:32,458 : -------------------------------------------------------
2018-09-21 14:22:32,462 : Generation: 5
2018-09-21 14:22:32,463 : a new day has come
00805867],
       [ 0.01797548, -0.01076278,  0.00912488]]), 'W2': array([[-0.32943018,  1.23431172, -1.68877909]]), 'b1': array([[0.06286935],
       [0.06953214],
       [0.45639867]]), 'b2': array([[-0.15436952]])}
 {'W1': array([[ 0.0098021 ,  0.00698524, -0.00307553],
       [ 0.00652613,  0.00399762, -0.00606765],
       [ 0.00713709,  0.00496756,  0.00344912]]), 'W2': array([[0.50656967, 3.09481045, 0.07235171]]), 'b1': array([[ 0.71982114],
       [-0.08122514],
       [ 0.2345628 ]]), 'b2': array([[0.09840732]])}
 {'W1': array([[ 0.00596835, -0.00305963, -0.01226812],
       [ 0.00343355, -0.01381514, -0.00792454],
       [ 0.00106384,  0.01110495,  0.00720548]]), 'W2': array([[0.06081615, 0.14629415, 0.86832313]]), 'b1': array([[-0.1709009 ],
       [ 0.54000109],
       [ 0.49769803]]), 'b2': array([[0.13136515]])}]
2018-09-21 14:16:20,417 INFO 
2018-09-21 14:16:20,418 INFO -------------------------------------------------------
2018-09-21 14:16:20,420 INFO -------------------------------------------------------
2018-09-21 14:16:20,422 INFO Generation: 3
2018-09-21 14:16:20,423 INFO a new day has come
2018-09-21 14:18:09,744 INFO [1, 1, 1, 1, 1, 1, 1, 1, 45, 1, 1, 1]
2018-09-21 14:18:09,745 INFO [8 0 1 2]
2018-09-21 14:18:09,747 INFO genarating next gen
2018-09-21 14:18:09,768 INFO [{'W1': array([[ 0.00438784, -0.00740837,  0.01024364],
       [-0.01196936,  0.00331758, -0.00805867],
       [ 0.01797548, -0.01419853,  0.00912488]]), 'W2': array([[-0.32943018,  1.85629049, -1.68877909]]), 'b1': array([[0.06286935],
       [0.06953214],
       [0.45639867]]), 'b2': array([[-0.15436952]])}
 {'W1': array([[-0.00134726,  0.00401992,  0.00742871],
       [-0.01699257, -0.01129785, -0.00871401],
       [ 0.01688178,  0.0062525 , -0.00625535]]), 'W2': array([[-3.04913734,  0.83064405, -2.78950789]]), 'b1': array([[0.11870865],
       [1.10635092],
       [0.79737546]]), 'b2': array([[0.05394058]])}
 {'W1': array([[ 0.00438784, -0.00740837,  0.01024364],
       [-0.01196936, -0.00165351, -0.00805867],
       [ 0.01797548, -0.01076278,  0.00912488]]), 'W2': array([[-0.32943018,  1.23431172, -1.68877909]]), 'b1': array([[0.06286935],
       [0.06953214],
       [0.45639867]]), 'b2': array([[-0.15436952]])}
 {'W1': array([[ 0.0098021 ,  0.00698524, -0.00307553],
       [ 0.00652613,  0.00399762, -0.00606765],
       [ 0.00713709,  0.00496756,  0.00344912]]), 'W2': array([[0.50656967, 3.09481045, 0.07235171]]), 'b1': array([[ 0.71982114],
       [-0.08122514],
       [ 0.2345628 ]]), 'b2': array([[0.09840732]])}]
2018-09-21 14:18:09,823 INFO [{'W1': array([[ 0.00438784, -0.00740837,  0.01024364],
       [-0.01196936,  0.00331758, -0.00805867],
       [ 0.01797548, -0.01419853,  0.00912488]]), 'W2': array([[-0.32943018,  1.85629049, -1.68877909]]), 'b1': array([[0.06286935],
       [0.06953214],
       [0.45639867]]), 'b2': array([[-0.15436952]])}
 {'W1': array([[-0.00134726,  0.00401992,  0.00742871],
       [-0.01699257, -0.01129785, -0.00871401],
       [ 0.01688178,  0.0062525 , -0.00625535]]), 'W2': array([[-3.04913734,  0.83064405, -2.78950789]]), 'b1': array([[0.11870865],
       [1.10635092],
       [0.79737546]]), 'b2': array([[0.05394058]])}
 {'W1': array([[ 0.00438784, -0.00740837,  0.01024364],
       [-0.01196936, -0.00165351, -0.00805867],
       [ 0.01797548, -0.01076278,  0.00912488]]), 'W2': array([[-0.32943018,  1.23431172, -1.68877909]]), 'b1': array([[0.06286935],
       [0.06953214],
       [0.45639867]]), 'b2': array([[-0.15436952]])}
 {'W1': array([[ 0.0098021 ,  0.00698524, -0.00307553],
       [ 0.00652613,  0.00399762, -0.00606765],
       [ 0.00713709,  0.00496756,  0.00344912]]), 'W2': array([[0.50656967, 3.09481045, 0.07235171]]), 'b1': array([[ 0.71982114],
       [-0.08122514],
       [ 0.2345628 ]]), 'b2': array([[0.09840732]])}]
2018-09-21 14:18:09,879 INFO -------------------------------------------------------
2018-09-21 14:18:09,881 INFO -------------------------------------------------------
2018-09-21 14:18:09,882 INFO Generation: 4
2018-09-21 14:18:09,884 INFO a new day has come
2018-09-21 14:22:32,319 INFO [55, 1, 1, 1, 1, 1, 1, 61, 3, 1, 2, 63]
2018-09-21 14:22:32,320 INFO [11  7  0  8]
2018-09-21 14:22:32,324 INFO genarating next gen
2018-09-21 14:22:32,344 INFO [{'W1': array([[ 0.00438784, -0.00195288,  0.01024364],
       [-0.01196936,  0.00331758, -0.00805867],
       [ 0.01797548, -0.00853163,  0.00912488]]), 'W2': array([[ 0.10637357,  1.85629049, -1.68877909]]), 'b1': array([[0.06286935],
       [0.06953214],
       [0.45639867]]), 'b2': array([[-0.15436952]])}
 {'W1': array([[ 0.0098021 ,  0.00698524, -0.01091262],
       [-0.01196936,  0.00331758, -0.00885002],
       [ 0.01797548, -0.01419853,  0.00912488]]), 'W2': array([[-0.32943018,  1.85629049, -1.68877909]]), 'b1': array([[0.06286935],
       [0.06953214],
       [0.45639867]]), 'b2': array([[-0.15436952]])}
 {'W1': array([[ 0.00438784, -0.00740837,  0.01024364],
       [-0.01196936,  0.00331758, -0.00805867],
       [ 0.01797548, -0.01419853,  0.00912488]]), 'W2': array([[-0.32943018,  1.85629049, -1.68877909]]), 'b1': array([[0.06286935],
       [0.06953214],
       [0.45639867]]), 'b2': array([[-0.15436952]])}
 {'W1': array([[ 0.0098021 , -0.00740837,  0.01024364],
       [-0.01196936, -0.00165351, -0.00805867],
       [ 0.01797548, -0.01076278,  0.00912488]]), 'W2': array([[ 0.09288225,  1.23431172, -1.68877909]]), 'b1': array([[0.06286935],
       [0.06953214],
       [0.43151651]]), 'b2': array([[0.09840732]])}]
2018-09-21 14:22:32,403 INFO [{'W1': array([[ 0.00438784, -0.00195288,  0.01024364],
       [-0.01196936,  0.00331758, -0.00805867],
       [ 0.01797548, -0.00853163,  0.00912488]]), 'W2': array([[ 0.10637357,  1.85629049, -1.68877909]]), 'b1': array([[0.06286935],
       [0.06953214],
       [0.45639867]]), 'b2': array([[-0.15436952]])}
 {'W1': array([[ 0.0098021 ,  0.00698524, -0.01091262],
       [-0.01196936,  0.00331758, -0.00885002],
       [ 0.01797548, -0.01419853,  0.00912488]]), 'W2': array([[-0.32943018,  1.85629049, -1.68877909]]), 'b1': array([[0.06286935],
       [0.06953214],
       [0.45639867]]), 'b2': array([[-0.15436952]])}
 {'W1': array([[ 0.00438784, -0.00740837,  0.01024364],
       [-0.01196936,  0.00331758, -0.00805867],
       [ 0.01797548, -0.01419853,  0.00912488]]), 'W2': array([[-0.32943018,  1.85629049, -1.68877909]]), 'b1': array([[0.06286935],
       [0.06953214],
       [0.45639867]]), 'b2': array([[-0.15436952]])}
 {'W1': array([[ 0.0098021 , -0.00740837,  0.01024364],
       [-0.01196936, -0.00165351, -0.00805867],
       [ 0.01797548, -0.01076278,  0.00912488]]), 'W2': array([[ 0.09288225,  1.23431172, -1.68877909]]), 'b1': array([[0.06286935],
       [0.06953214],
       [0.43151651]]), 'b2': array([[0.09840732]])}]
2018-09-21 14:22:32,458 INFO -------------------------------------------------------
2018-09-21 14:22:32,460 INFO -------------------------------------------------------
2018-09-21 14:22:32,462 INFO Generation: 5
2018-09-21 14:22:32,463 INFO a new day has come
