2018-09-21 19:39:26,094 : Start
2018-09-21 19:39:31,200 : -------------------------------------------------------
2018-09-21 19:39:31,203 : Generation: 0
2018-09-21 19:39:31,205 : a new day has come
2018-09-21 19:40:31,851 : [1, 1, 1, 1, 1, 1, 1, 1, 1, 1, 1, 1]
2018-09-21 19:40:31,853 : [0 1 2 3]
2018-09-21 19:40:31,855 : generating next gen
2018-09-21 19:40:31,933 : 
2018-09-21 19:40:31,935 : -------------------------------------------------------
2018-09-21 19:40:31,938 : Generation: 1
2018-09-21 19:40:31,940 : a new day has come
2018-09-21 19:41:31,031 : [1, 1, 1, 1, 1, 1, 1, 1, 1, 2, 1, 1]
2018-09-21 19:41:31,032 : [9 0 1 2]
2018-09-21 19:41:31,035 : generating next gen
2018-09-21 19:41:31,109 : 
2018-09-21 19:41:31,110 : -------------------------------------------------------
2018-09-21 19:41:31,114 : Generation: 2
2018-09-21 19:41:31,115 : a new day has come
2018-09-21 19:42:46,046 : [1, 1, 1, 1, 1, 2, 1, 1, 17, 1, 1, 1]
2018-09-21 19:42:46,047 : [8 5 0 1]
2018-09-21 19:42:46,050 : generating next gen
2018-09-21 19:42:46,124 : [{'W1': array([[ 0.0141774 ,  0.00083962,  0.00914338],
       [-0.00202513, -0.00415265,  0.01573958],
       [-0.00105448,  0.01390124, -0.00916328]]), 'W2': array([[-1.69260148, -0.6615956 ,  2.12383758]]), 'b1': array([[ 0.34228999],
       [-0.50461262],
       [ 0.60608148]]), 'b2': array([[-0.22978937]])}
 {'W1': array([[ 1.41774000e-02, -4.17664042e-05,  9.14338000e-03],
       [-2.72785000e-03, -7.65649000e-03, -6.66365000e-03],
       [ 7.77332000e-03, -1.46341000e-02,  9.70010000e-04]]), 'W2': array([[ 0.90675356, -1.02546606, -0.53587572]]), 'b1': array([[ 0.34228999],
       [-0.50461262],
       [ 0.60608148]]), 'b2': array([[-0.22978937]])}
 {'W1': array([[ 0.0141774 ,  0.00083962,  0.00914338],
       [-0.00272785, -0.00765649, -0.00666365],
       [ 0.00777332, -0.0146341 ,  0.00097001]]), 'W2': array([[ 0.90675356, -1.02546606, -0.53587572]]), 'b1': array([[ 0.34228999],
       [-0.50461262],
       [ 0.60608148]]), 'b2': array([[-0.22978937]])}
 {'W1': array([[ 0.0141774 , -0.0035899 ,  0.00914338],
       [-0.00272785, -0.00765649, -0.00666365],
       [ 0.00777332, -0.0146341 ,  0.00097001]]), 'W2': array([[ 0.78315173, -1.02546606, -0.53587572]]), 'b1': array([[ 0.34228999],
       [-0.50461262],
       [ 0.60608148]]), 'b2': array([[-0.22978937]])}]
2018-09-21 19:42:46,177 : -------------------------------------------------------
2018-09-21 19:42:46,180 : Generation: 3
2018-09-21 19:42:46,182 : a new day has come
2018-09-21 19:45:07,330 : [14, 1, 1, 1, 1, 2, 1, 1, 1, 57, 1, 1]
2018-09-21 19:45:07,331 : [9 0 5 1]
2018-09-21 19:45:07,334 : generating next gen
2018-09-21 19:45:07,409 : [{'W1': array([[ 0.0141774 , -0.00041873,  0.00914338],
       [-0.00272785, -0.00765649, -0.00666365],
       [ 0.00777332,  0.01390124, -0.00916328]]), 'W2': array([[-1.69260148, -0.6615956 ,  2.12383758]]), 'b1': array([[ 0.34228999],
       [-0.35960951],
       [ 0.60608148]]), 'b2': array([[-0.22978937]])}
 {'W1': array([[ 0.0141774 ,  0.00083962,  0.00914338],
       [-0.00202513, -0.00415265,  0.01573958],
       [-0.00105448,  0.01390124, -0.00916328]]), 'W2': array([[-1.69260148, -0.6615956 ,  2.12383758]]), 'b1': array([[ 0.34228999],
       [-0.50461262],
       [ 0.60608148]]), 'b2': array([[-0.22978937]])}
 {'W1': array([[ 1.41774000e-02, -4.17664042e-05,  9.14338000e-03],
       [-2.72785000e-03, -7.65649000e-03, -6.66365000e-03],
       [ 7.77332000e-03, -1.46341000e-02,  9.70010000e-04]]), 'W2': array([[ 0.78315173, -1.02546606,  0.23814075]]), 'b1': array([[ 0.34228999],
       [-0.50461262],
       [ 0.60608148]]), 'b2': array([[-0.22978937]])}
 {'W1': array([[ 1.41774000e-02, -4.17664042e-05,  9.14338000e-03],
       [-2.72785000e-03, -7.65649000e-03, -6.66365000e-03],
       [ 7.77332000e-03, -1.46341000e-02,  9.70010000e-04]]), 'W2': array([[ 0.90675356, -1.02546606, -0.53587572]]), 'b1': array([[ 0.34228999],
       [-0.50461262],
       [ 0.60608148]]), 'b2': array([[-0.22978937]])}]
2018-09-21 19:45:07,461 : -------------------------------------------------------
2018-09-21 19:45:07,464 : Generation: 4
2018-09-21 19:45:07,465 : a new day has come
2018-09-21 19:50:29,252 : [72, 31, 1, 1, 2, 31, 1, 35, 1, 2, 1, 61]
2018-09-21 19:50:29,253 : [ 0 11  7  1]
2018-09-21 19:50:29,256 : generating next gen
2018-09-21 19:50:29,329 : [{'W1': array([[ 0.0141774 , -0.00041873,  0.00914338],
       [-0.00272785, -0.00765649, -0.00666365],
       [ 0.00777332,  0.01390124, -0.00916328]]), 'W2': array([[-1.69260148, -0.6615956 ,  2.12383758]]), 'b1': array([[ 0.34228999],
       [-0.35960951],
       [ 0.60608148]]), 'b2': array([[-0.22978937]])}
 {'W1': array([[ 0.0141774 , -0.00041873,  0.00914338],
       [-0.00272785, -0.00765649, -0.00666365],
       [ 0.00777332,  0.01390124, -0.00916328]]), 'W2': array([[-1.69260148, -0.6615956 ,  2.12383758]]), 'b1': array([[ 0.34228999],
       [-0.35960951],
       [ 0.60608148]]), 'b2': array([[-0.22978937]])}
 {'W1': array([[ 0.0141774 ,  0.00083962,  0.00362533],
       [-0.00202513, -0.00415265,  0.01573958],
       [-0.00105448,  0.01390124, -0.00916328]]), 'W2': array([[-1.69260148, -0.6615956 ,  2.12383758]]), 'b1': array([[ 0.34228999],
       [-0.50461262],
       [ 0.60608148]]), 'b2': array([[-0.22978937]])}
 {'W1': array([[ 0.0141774 ,  0.00083962,  0.00914338],
       [-0.00202513, -0.00415265,  0.01573958],
       [-0.00105448,  0.01390124, -0.00916328]]), 'W2': array([[-1.69260148, -0.6615956 ,  2.12383758]]), 'b1': array([[ 0.34228999],
       [-0.50461262],
       [ 0.60608148]]), 'b2': array([[-0.22978937]])}]
2018-09-21 19:50:29,382 : -------------------------------------------------------
2018-09-21 19:50:29,385 : Generation: 5
2018-09-21 19:50:29,387 : a new day has come
03],
       [-2.72785000e-03, -7.65649000e-03, -6.66365000e-03],
       [ 7.77332000e-03, -1.46341000e-02,  9.70010000e-04]]), 'W2': array([[ 0.90675356, -1.02546606, -0.53587572]]), 'b1': array([[ 0.34228999],
       [-0.50461262],
       [ 0.60608148]]), 'b2': array([[-0.22978937]])}
 {'W1': array([[ 0.0141774 ,  0.00083962,  0.00914338],
       [-0.00272785, -0.00765649, -0.00666365],
       [ 0.00777332, -0.0146341 ,  0.00097001]]), 'W2': array([[ 0.90675356, -1.02546606, -0.53587572]]), 'b1': array([[ 0.34228999],
       [-0.50461262],
       [ 0.60608148]]), 'b2': array([[-0.22978937]])}
 {'W1': array([[ 0.0141774 , -0.0035899 ,  0.00914338],
       [-0.00272785, -0.00765649, -0.00666365],
       [ 0.00777332, -0.0146341 ,  0.00097001]]), 'W2': array([[ 0.78315173, -1.02546606, -0.53587572]]), 'b1': array([[ 0.34228999],
       [-0.50461262],
       [ 0.60608148]]), 'b2': array([[-0.22978937]])}]
2018-09-21 19:42:46,177 INFO -------------------------------------------------------
2018-09-21 19:42:46,178 INFO -------------------------------------------------------
2018-09-21 19:42:46,180 INFO Generation: 3
2018-09-21 19:42:46,182 INFO a new day has come
2018-09-21 19:45:07,330 INFO [14, 1, 1, 1, 1, 2, 1, 1, 1, 57, 1, 1]
2018-09-21 19:45:07,331 INFO [9 0 5 1]
2018-09-21 19:45:07,334 INFO generating next gen
2018-09-21 19:45:07,356 INFO [{'W1': array([[ 0.0141774 , -0.00041873,  0.00914338],
       [-0.00272785, -0.00765649, -0.00666365],
       [ 0.00777332,  0.01390124, -0.00916328]]), 'W2': array([[-1.69260148, -0.6615956 ,  2.12383758]]), 'b1': array([[ 0.34228999],
       [-0.35960951],
       [ 0.60608148]]), 'b2': array([[-0.22978937]])}
 {'W1': array([[ 0.0141774 ,  0.00083962,  0.00914338],
       [-0.00202513, -0.00415265,  0.01573958],
       [-0.00105448,  0.01390124, -0.00916328]]), 'W2': array([[-1.69260148, -0.6615956 ,  2.12383758]]), 'b1': array([[ 0.34228999],
       [-0.50461262],
       [ 0.60608148]]), 'b2': array([[-0.22978937]])}
 {'W1': array([[ 1.41774000e-02, -4.17664042e-05,  9.14338000e-03],
       [-2.72785000e-03, -7.65649000e-03, -6.66365000e-03],
       [ 7.77332000e-03, -1.46341000e-02,  9.70010000e-04]]), 'W2': array([[ 0.78315173, -1.02546606,  0.23814075]]), 'b1': array([[ 0.34228999],
       [-0.50461262],
       [ 0.60608148]]), 'b2': array([[-0.22978937]])}
 {'W1': array([[ 1.41774000e-02, -4.17664042e-05,  9.14338000e-03],
       [-2.72785000e-03, -7.65649000e-03, -6.66365000e-03],
       [ 7.77332000e-03, -1.46341000e-02,  9.70010000e-04]]), 'W2': array([[ 0.90675356, -1.02546606, -0.53587572]]), 'b1': array([[ 0.34228999],
       [-0.50461262],
       [ 0.60608148]]), 'b2': array([[-0.22978937]])}]
2018-09-21 19:45:07,409 INFO [{'W1': array([[ 0.0141774 , -0.00041873,  0.00914338],
       [-0.00272785, -0.00765649, -0.00666365],
       [ 0.00777332,  0.01390124, -0.00916328]]), 'W2': array([[-1.69260148, -0.6615956 ,  2.12383758]]), 'b1': array([[ 0.34228999],
       [-0.35960951],
       [ 0.60608148]]), 'b2': array([[-0.22978937]])}
 {'W1': array([[ 0.0141774 ,  0.00083962,  0.00914338],
       [-0.00202513, -0.00415265,  0.01573958],
       [-0.00105448,  0.01390124, -0.00916328]]), 'W2': array([[-1.69260148, -0.6615956 ,  2.12383758]]), 'b1': array([[ 0.34228999],
       [-0.50461262],
       [ 0.60608148]]), 'b2': array([[-0.22978937]])}
 {'W1': array([[ 1.41774000e-02, -4.17664042e-05,  9.14338000e-03],
       [-2.72785000e-03, -7.65649000e-03, -6.66365000e-03],
       [ 7.77332000e-03, -1.46341000e-02,  9.70010000e-04]]), 'W2': array([[ 0.78315173, -1.02546606,  0.23814075]]), 'b1': array([[ 0.34228999],
       [-0.50461262],
       [ 0.60608148]]), 'b2': array([[-0.22978937]])}
 {'W1': array([[ 1.41774000e-02, -4.17664042e-05,  9.14338000e-03],
       [-2.72785000e-03, -7.65649000e-03, -6.66365000e-03],
       [ 7.77332000e-03, -1.46341000e-02,  9.70010000e-04]]), 'W2': array([[ 0.90675356, -1.02546606, -0.53587572]]), 'b1': array([[ 0.34228999],
       [-0.50461262],
       [ 0.60608148]]), 'b2': array([[-0.22978937]])}]
2018-09-21 19:45:07,461 INFO -------------------------------------------------------
2018-09-21 19:45:07,462 INFO -------------------------------------------------------
2018-09-21 19:45:07,464 INFO Generation: 4
2018-09-21 19:45:07,465 INFO a new day has come
2018-09-21 19:50:29,252 INFO [72, 31, 1, 1, 2, 31, 1, 35, 1, 2, 1, 61]
2018-09-21 19:50:29,253 INFO [ 0 11  7  1]
2018-09-21 19:50:29,256 INFO generating next gen
2018-09-21 19:50:29,278 INFO [{'W1': array([[ 0.0141774 , -0.00041873,  0.00914338],
       [-0.00272785, -0.00765649, -0.00666365],
       [ 0.00777332,  0.01390124, -0.00916328]]), 'W2': array([[-1.69260148, -0.6615956 ,  2.12383758]]), 'b1': array([[ 0.34228999],
       [-0.35960951],
       [ 0.60608148]]), 'b2': array([[-0.22978937]])}
 {'W1': array([[ 0.0141774 , -0.00041873,  0.00914338],
       [-0.00272785, -0.00765649, -0.00666365],
       [ 0.00777332,  0.01390124, -0.00916328]]), 'W2': array([[-1.69260148, -0.6615956 ,  2.12383758]]), 'b1': array([[ 0.34228999],
       [-0.35960951],
       [ 0.60608148]]), 'b2': array([[-0.22978937]])}
 {'W1': array([[ 0.0141774 ,  0.00083962,  0.00362533],
       [-0.00202513, -0.00415265,  0.01573958],
       [-0.00105448,  0.01390124, -0.00916328]]), 'W2': array([[-1.69260148, -0.6615956 ,  2.12383758]]), 'b1': array([[ 0.34228999],
       [-0.50461262],
       [ 0.60608148]]), 'b2': array([[-0.22978937]])}
 {'W1': array([[ 0.0141774 ,  0.00083962,  0.00914338],
       [-0.00202513, -0.00415265,  0.01573958],
       [-0.00105448,  0.01390124, -0.00916328]]), 'W2': array([[-1.69260148, -0.6615956 ,  2.12383758]]), 'b1': array([[ 0.34228999],
       [-0.50461262],
       [ 0.60608148]]), 'b2': array([[-0.22978937]])}]
2018-09-21 19:50:29,329 INFO [{'W1': array([[ 0.0141774 , -0.00041873,  0.00914338],
       [-0.00272785, -0.00765649, -0.00666365],
       [ 0.00777332,  0.01390124, -0.00916328]]), 'W2': array([[-1.69260148, -0.6615956 ,  2.12383758]]), 'b1': array([[ 0.34228999],
       [-0.35960951],
       [ 0.60608148]]), 'b2': array([[-0.22978937]])}
 {'W1': array([[ 0.0141774 , -0.00041873,  0.00914338],
       [-0.00272785, -0.00765649, -0.00666365],
       [ 0.00777332,  0.01390124, -0.00916328]]), 'W2': array([[-1.69260148, -0.6615956 ,  2.12383758]]), 'b1': array([[ 0.34228999],
       [-0.35960951],
       [ 0.60608148]]), 'b2': array([[-0.22978937]])}
 {'W1': array([[ 0.0141774 ,  0.00083962,  0.00362533],
       [-0.00202513, -0.00415265,  0.01573958],
       [-0.00105448,  0.01390124, -0.00916328]]), 'W2': array([[-1.69260148, -0.6615956 ,  2.12383758]]), 'b1': array([[ 0.34228999],
       [-0.50461262],
       [ 0.60608148]]), 'b2': array([[-0.22978937]])}
 {'W1': array([[ 0.0141774 ,  0.00083962,  0.00914338],
       [-0.00202513, -0.00415265,  0.01573958],
       [-0.00105448,  0.01390124, -0.00916328]]), 'W2': array([[-1.69260148, -0.6615956 ,  2.12383758]]), 'b1': array([[ 0.34228999],
       [-0.50461262],
       [ 0.60608148]]), 'b2': array([[-0.22978937]])}]
2018-09-21 19:50:29,382 INFO -------------------------------------------------------
2018-09-21 19:50:29,384 INFO -------------------------------------------------------
2018-09-21 19:50:29,385 INFO Generation: 5
2018-09-21 19:50:29,387 INFO a new day has come
