2018-09-20 20:43:16,343 : Start
2018-09-20 20:43:16,347 : -------------------------------------------------------
2018-09-20 20:43:16,352 : Generation: 0
2018-09-20 20:43:16,354 : a new day has come
2018-09-20 20:44:18,432 : [0, 0, 0, 0, 0, 0, 0, 0, 0, 0, 0, 0]
2018-09-20 20:44:18,434 : [0 1 2 3]
2018-09-20 20:44:18,436 : generating next gen
2018-09-20 20:44:18,514 : 
2018-09-20 20:44:18,515 : -------------------------------------------------------
2018-09-20 20:44:18,519 : Generation: 1
2018-09-20 20:44:18,520 : a new day has come
2018-09-20 20:45:20,719 : [0, 0, 0, 0, 0, 0, 0, 0, 0, 0, 0, 0]
2018-09-20 20:45:20,720 : [0 1 2 3]
2018-09-20 20:45:20,723 : generating next gen
00106696, -0.00973924]]), 'b1': array([[ 0.10184448],
       [-0.14275586],
       [-0.50119973]]), 'W2': array([[0.22975866, 2.23141212, 1.29777608]]), 'b2': array([[-0.04104845]])}
 {'W1': array([[-0.01213643,  0.01088154,  0.00726172],
       [-0.0021301 ,  0.00667126, -0.00341295],
       [ 0.00179753,  0.01969788, -0.00747529]]), 'b1': array([[-0.32984244],
       [ 0.70447031],
       [-0.83673088]]), 'W2': array([[0.05582173, 1.24843284, 1.12972602]]), 'b2': array([[0.00188657]])}
 {'W1': array([[ 0.00334674, -0.01019615, -0.00722293],
       [ 0.00221349, -0.00798056,  0.0101406 ],
       [-0.01131479,  0.00620124, -0.01636951]]), 'b1': array([[ 0.12163102],
       [-0.284339  ],
       [-0.298887  ]]), 'W2': array([[-0.38615394, -0.4019315 , -2.36385699]]), 'b2': array([[0.03183745]])}
 {'W1': array([[-0.0134136 ,  0.02338092,  0.00855636],
       [ 0.00058751, -0.00071207, -0.01047219],
       [ 0.00857788, -0.01642414,  0.01010108]]), 'b1': array([[-1.37610256],
       [-0.16925668],
       [-0.75495958]]), 'W2': array([[-0.89005129,  1.28182571, -1.54830484]]), 'b2': array([[-0.2271185]])}]
2018-09-20 20:44:18,514 INFO 
2018-09-20 20:44:18,515 INFO -------------------------------------------------------
2018-09-20 20:44:18,517 INFO -------------------------------------------------------
2018-09-20 20:44:18,519 INFO Generation: 1
2018-09-20 20:44:18,520 INFO a new day has come
2018-09-20 20:45:20,719 INFO [0, 0, 0, 0, 0, 0, 0, 0, 0, 0, 0, 0]
2018-09-20 20:45:20,720 INFO [0 1 2 3]
2018-09-20 20:45:20,723 INFO generating next gen
