2018-09-21 10:54:26,914 : Start
2018-09-21 10:54:26,944 : -------------------------------------------------------
2018-09-21 10:54:26,948 : Generation: 0
2018-09-21 10:54:26,949 : a new day has come
2018-09-21 10:55:28,176 : [1, 1, 1, 1, 1, 1, 1, 1, 1, 1, 1, 1]
2018-09-21 10:55:28,208 : [0 1 2 3]
2018-09-21 10:55:28,212 : generating next gen
2018-09-21 10:55:28,322 : 
2018-09-21 10:55:28,323 : -------------------------------------------------------
2018-09-21 10:55:28,327 : Generation: 1
2018-09-21 10:55:28,328 : a new day has come
2018-09-21 10:56:36,469 : [1, 4, 2, 1, 1, 1, 1, 2, 4, 1, 3, 1]
2018-09-21 10:56:36,470 : [ 1  8 10  2]
2018-09-21 10:56:36,473 : generating next gen
0022,  0.0123545 ]]), 'b1': array([[-0.36424648],
       [-0.13260634],
       [-0.13154251]]), 'W2': array([[1.57904563, 0.11219635, 0.56430805]]), 'b2': array([[-0.04155351]])}
 {'W1': array([[-0.00620859,  0.01020352, -0.00265271],
       [-0.01010034,  0.00364419, -0.00970295],
       [ 0.01192743,  0.01941697,  0.01183564]]), 'b1': array([[-0.28095586],
       [-0.01683716],
       [-0.17360442]]), 'W2': array([[ 0.02095641, -0.00791147,  0.82535236]]), 'b2': array([[0.0474772]])}
 {'W1': array([[ 0.00634146, -0.00664789,  0.01394526],
       [-0.01232102, -0.00398616,  0.00391259],
       [ 0.01147891, -0.00561806, -0.00865777]]), 'b1': array([[ 0.0155234 ],
       [-0.68501832],
       [-0.50373552]]), 'W2': array([[-1.75019009, -2.09913097, -0.66583704]]), 'b2': array([[0.05095446]])}
 {'W1': array([[-2.06681816e-03, -7.01329392e-03, -4.62938737e-03],
       [ 3.58931105e-03,  1.67993019e-02, -4.45821096e-06],
       [ 9.67281940e-03,  2.23757594e-02, -1.69714077e-02]]), 'b1': array([[ 0.09585849],
       [-0.05857283],
       [ 0.28348832]]), 'W2': array([[1.35468619, 0.18097637, 2.27711059]]), 'b2': array([[-0.1301521]])}]
2018-09-21 10:55:28,322 INFO 
2018-09-21 10:55:28,323 INFO -------------------------------------------------------
2018-09-21 10:55:28,325 INFO -------------------------------------------------------
2018-09-21 10:55:28,327 INFO Generation: 1
2018-09-21 10:55:28,328 INFO a new day has come
2018-09-21 10:56:36,469 INFO [1, 4, 2, 1, 1, 1, 1, 2, 4, 1, 3, 1]
2018-09-21 10:56:36,470 INFO [ 1  8 10  2]
2018-09-21 10:56:36,473 INFO generating next gen
