2018-09-21 19:26:51,090 : Start
2018-09-21 19:26:56,200 : -------------------------------------------------------
2018-09-21 19:28:04,071 : [{'W1': array([[ 0.00549871,  0.00120883,  0.00656211],
       [ 0.00473928, -0.0013888 , -0.00269297],
       [-0.00731052, -0.00853274,  0.00387055]]), 'b1': array([[0.55361616],
       [0.2544262 ],
       [0.40216279]]), 'W2': array([[-1.91208383,  1.08273243, -0.55698116]]), 'b2': array([[-0.11020946]])}
 {'W1': array([[-0.01456066,  0.00160231, -0.00492431],
       [-0.01808372, -0.01023479,  0.01105041],
       [ 0.00194311,  0.02031086, -0.00154189]]), 'b1': array([[-0.92156708],
       [ 0.03576333],
       [-0.15872117]]), 'W2': array([[-3.52814821, -2.02430196, -2.14088238]]), 'b2': array([[0.17716317]])}
 {'W1': array([[ 0.01991061,  0.01177727,  0.00697757],
       [ 0.0127229 , -0.00278891,  0.00584056],
       [ 0.01767562,  0.00092449, -0.01159345]]), 'b1': array([[-0.21111756],
       [-1.06340691],
       [ 0.44048783]]), 'W2': array([[-0.20006266,  0.35939322, -0.36114771]]), 'b2': array([[0.01618294]])}
 {'W1': array([[ 0.00219043, -0.00790806,  0.02062193],
       [ 0.00952135,  0.00168245, -0.01107139],
       [ 0.01148164,  0.02091301, -0.01210842]]), 'b1': array([[-0.03963678],
       [ 0.33794008],
       [-0.63498736]]), 'W2': array([[ 1.95883555,  3.13287804, -1.41545604]]), 'b2': array([[-0.1684063]])}]
2018-09-21 19:28:04,128 : -------------------------------------------------------
2018-09-21 19:29:01,192 : [{'W1': array([[ 0.00549871,  0.00120883,  0.00656211],
       [ 0.00473928, -0.0013888 , -0.00269297],
       [-0.00731052, -0.00853274,  0.00387055]]), 'W2': array([[-1.91208383,  1.08273243, -0.55698116]]), 'b1': array([[0.55361616],
       [0.2544262 ],
       [0.40216279]]), 'b2': array([[-0.11020946]])}
 {'W1': array([[-0.01456066,  0.00160231, -0.00492431],
       [-0.01808372, -0.01023479,  0.01105041],
       [ 0.00194311,  0.02031086, -0.00154189]]), 'W2': array([[-3.52814821, -2.02430196, -2.14088238]]), 'b1': array([[-0.92156708],
       [ 0.03576333],
       [-0.15872117]]), 'b2': array([[0.17716317]])}
 {'W1': array([[ 0.01991061,  0.01177727,  0.00697757],
       [ 0.0127229 , -0.00278891,  0.00584056],
       [ 0.01767562,  0.00092449, -0.01159345]]), 'W2': array([[-0.20006266,  0.35939322, -0.36114771]]), 'b1': array([[-0.21111756],
       [-1.06340691],
       [ 0.44048783]]), 'b2': array([[0.01618294]])}
 {'W1': array([[ 0.00219043, -0.00790806,  0.02062193],
       [ 0.00952135,  0.00168245, -0.01107139],
       [ 0.01148164,  0.02091301, -0.01210842]]), 'W2': array([[ 1.95883555,  3.13287804, -1.41545604]]), 'b1': array([[-0.03963678],
       [ 0.33794008],
       [-0.63498736]]), 'b2': array([[-0.1684063]])}]
2018-09-21 19:29:01,249 : -------------------------------------------------------
2018-09-21 19:29:57,979 : [{'W1': array([[ 0.00549871,  0.00120883,  0.00656211],
       [ 0.00473928, -0.0013888 , -0.00269297],
       [-0.00731052, -0.00853274,  0.00387055]]), 'W2': array([[-1.91208383,  1.08273243, -0.55698116]]), 'b1': array([[0.55361616],
       [0.2544262 ],
       [0.40216279]]), 'b2': array([[-0.11020946]])}
 {'W1': array([[-0.01456066,  0.00160231, -0.00492431],
       [-0.01808372, -0.01023479,  0.01105041],
       [ 0.00194311,  0.02031086, -0.00154189]]), 'W2': array([[-3.52814821, -2.02430196, -2.14088238]]), 'b1': array([[-0.92156708],
       [ 0.03576333],
       [-0.15872117]]), 'b2': array([[0.17716317]])}
 {'W1': array([[ 0.01991061,  0.01177727,  0.00697757],
       [ 0.0127229 , -0.00278891,  0.00584056],
       [ 0.01767562,  0.00092449, -0.01159345]]), 'W2': array([[-0.20006266,  0.35939322, -0.36114771]]), 'b1': array([[-0.21111756],
       [-1.06340691],
       [ 0.44048783]]), 'b2': array([[0.01618294]])}
 {'W1': array([[ 0.00219043, -0.00790806,  0.02062193],
       [ 0.00952135,  0.00168245, -0.01107139],
       [ 0.01148164,  0.02091301, -0.01210842]]), 'W2': array([[ 1.95883555,  3.13287804, -1.41545604]]), 'b1': array([[-0.03963678],
       [ 0.33794008],
       [-0.63498736]]), 'b2': array([[-0.1684063]])}]
2018-09-21 19:29:58,036 : -------------------------------------------------------
2018-09-21 19:30:54,801 : [{'W1': array([[ 0.00549871,  0.00120883,  0.00656211],
       [ 0.00473928, -0.0013888 , -0.00269297],
       [-0.00731052, -0.00853274,  0.00387055]]), 'W2': array([[-1.91208383,  1.08273243, -0.55698116]]), 'b1': array([[0.55361616],
       [0.2544262 ],
       [0.40216279]]), 'b2': array([[-0.11020946]])}
 {'W1': array([[-0.01456066,  0.00160231, -0.00492431],
       [-0.01808372, -0.01023479,  0.01105041],
       [ 0.00194311,  0.02031086, -0.00154189]]), 'W2': array([[-3.52814821, -2.02430196, -2.14088238]]), 'b1': array([[-0.92156708],
       [ 0.03576333],
       [-0.15872117]]), 'b2': array([[0.17716317]])}
 {'W1': array([[ 0.01991061,  0.01177727,  0.00697757],
       [ 0.0127229 , -0.00278891,  0.00584056],
       [ 0.01767562,  0.00092449, -0.01159345]]), 'W2': array([[-0.20006266,  0.35939322, -0.36114771]]), 'b1': array([[-0.21111756],
       [-1.06340691],
       [ 0.44048783]]), 'b2': array([[0.01618294]])}
 {'W1': array([[ 0.00219043, -0.00790806,  0.02062193],
       [ 0.00952135,  0.00168245, -0.01107139],
       [ 0.01148164,  0.02091301, -0.01210842]]), 'W2': array([[ 1.95883555,  3.13287804, -1.41545604]]), 'b1': array([[-0.03963678],
       [ 0.33794008],
       [-0.63498736]]), 'b2': array([[-0.1684063]])}]
2018-09-21 19:30:54,860 : -------------------------------------------------------
2018-09-21 19:31:51,438 : [{'W1': array([[ 0.00549871,  0.00120883,  0.00656211],
       [ 0.00473928, -0.0013888 , -0.00269297],
       [-0.00731052, -0.00853274,  0.00387055]]), 'W2': array([[-1.91208383,  1.08273243, -0.55698116]]), 'b1': array([[0.55361616],
       [0.2544262 ],
       [0.40216279]]), 'b2': array([[-0.11020946]])}
 {'W1': array([[-0.01456066,  0.00160231, -0.00492431],
       [-0.01808372, -0.01023479,  0.01105041],
       [ 0.00194311,  0.02031086, -0.00154189]]), 'W2': array([[-3.52814821, -2.02430196, -2.14088238]]), 'b1': array([[-0.92156708],
       [ 0.03576333],
       [-0.15872117]]), 'b2': array([[0.17716317]])}
 {'W1': array([[ 0.01991061,  0.01177727,  0.00697757],
       [ 0.0127229 , -0.00278891,  0.00584056],
       [ 0.01767562,  0.00092449, -0.01159345]]), 'W2': array([[-0.20006266,  0.35939322, -0.36114771]]), 'b1': array([[-0.21111756],
       [-1.06340691],
       [ 0.44048783]]), 'b2': array([[0.01618294]])}
 {'W1': array([[ 0.00219043, -0.00790806,  0.02062193],
       [ 0.00952135,  0.00168245, -0.01107139],
       [ 0.01148164,  0.02091301, -0.01210842]]), 'W2': array([[ 1.95883555,  3.13287804, -1.41545604]]), 'b1': array([[-0.03963678],
       [ 0.33794008],
       [-0.63498736]]), 'b2': array([[-0.1684063]])}]
2018-09-21 19:31:51,494 : -------------------------------------------------------
2018-09-21 19:32:48,325 : [{'W1': array([[ 0.00549871,  0.00120883,  0.00656211],
       [ 0.00473928, -0.0013888 , -0.00269297],
       [-0.00731052, -0.00853274,  0.00387055]]), 'W2': array([[-1.91208383,  1.08273243, -0.55698116]]), 'b1': array([[0.55361616],
       [0.2544262 ],
       [0.40216279]]), 'b2': array([[-0.11020946]])}
 {'W1': array([[-0.01456066,  0.00160231, -0.00492431],
       [-0.01808372, -0.01023479,  0.01105041],
       [ 0.00194311,  0.02031086, -0.00154189]]), 'W2': array([[-3.52814821, -2.02430196, -2.14088238]]), 'b1': array([[-0.92156708],
       [ 0.03576333],
       [-0.15872117]]), 'b2': array([[0.17716317]])}
 {'W1': array([[ 0.01991061,  0.01177727,  0.00697757],
       [ 0.0127229 , -0.00278891,  0.00584056],
       [ 0.01767562,  0.00092449, -0.01159345]]), 'W2': array([[-0.20006266,  0.35939322, -0.36114771]]), 'b1': array([[-0.21111756],
       [-1.06340691],
       [ 0.44048783]]), 'b2': array([[0.01618294]])}
 {'W1': array([[ 0.00219043, -0.00790806,  0.02062193],
       [ 0.00952135,  0.00168245, -0.01107139],
       [ 0.01148164,  0.02091301, -0.01210842]]), 'W2': array([[ 1.95883555,  3.13287804, -1.41545604]]), 'b1': array([[-0.03963678],
       [ 0.33794008],
       [-0.63498736]]), 'b2': array([[-0.1684063]])}]
2018-09-21 19:32:48,382 : -------------------------------------------------------
2018-09-21 19:33:45,230 : [{'W1': array([[ 0.00549871,  0.00120883,  0.00656211],
       [ 0.00473928, -0.0013888 , -0.00269297],
       [-0.00731052, -0.00853274,  0.00387055]]), 'W2': array([[-1.91208383,  1.08273243, -0.55698116]]), 'b1': array([[0.55361616],
       [0.2544262 ],
       [0.40216279]]), 'b2': array([[-0.11020946]])}
 {'W1': array([[-0.01456066,  0.00160231, -0.00492431],
       [-0.01808372, -0.01023479,  0.01105041],
       [ 0.00194311,  0.02031086, -0.00154189]]), 'W2': array([[-3.52814821, -2.02430196, -2.14088238]]), 'b1': array([[-0.92156708],
       [ 0.03576333],
       [-0.15872117]]), 'b2': array([[0.17716317]])}
 {'W1': array([[ 0.01991061,  0.01177727,  0.00697757],
       [ 0.0127229 , -0.00278891,  0.00584056],
       [ 0.01767562,  0.00092449, -0.01159345]]), 'W2': array([[-0.20006266,  0.35939322, -0.36114771]]), 'b1': array([[-0.21111756],
       [-1.06340691],
       [ 0.44048783]]), 'b2': array([[0.01618294]])}
 {'W1': array([[ 0.00219043, -0.00790806,  0.02062193],
       [ 0.00952135,  0.00168245, -0.01107139],
       [ 0.01148164,  0.02091301, -0.01210842]]), 'W2': array([[ 1.95883555,  3.13287804, -1.41545604]]), 'b1': array([[-0.03963678],
       [ 0.33794008],
       [-0.63498736]]), 'b2': array([[-0.1684063]])}]
2018-09-21 19:33:45,286 : -------------------------------------------------------
