2018-09-21 19:39:26,095 : Start
2018-09-21 19:39:31,201 : -------------------------------------------------------
2018-09-21 19:40:31,878 : [{'W1': array([[ 0.0141774 , -0.0035899 ,  0.00914338],
       [-0.00272785, -0.00765649, -0.00666365],
       [ 0.00777332, -0.0146341 ,  0.00097001]]), 'b1': array([[ 0.34228999],
       [-0.50461262],
       [ 0.60608148]]), 'W2': array([[ 0.78315173, -1.02546606, -0.53587572]]), 'b2': array([[-0.22978937]])}
 {'W1': array([[-0.00490301,  0.00621315, -0.01768096],
       [-0.00202513, -0.00415265,  0.00744616],
       [ 0.00225703,  0.01390124, -0.00700156]]), 'b1': array([[-0.28128378],
       [-0.93380092],
       [ 0.64014165]]), 'W2': array([[-1.69260148, -0.6615956 ,  2.12383758]]), 'b2': array([[0.13261788]])}
 {'W1': array([[-2.93955019e-02, -9.42993672e-04, -8.28547804e-03],
       [-6.19634340e-03, -1.31065620e-03, -8.12851978e-03],
       [ 1.06312171e-03,  6.18394234e-05,  2.41228465e-03]]), 'b1': array([[ 0.16887403],
       [-0.54513574],
       [-0.17086576]]), 'W2': array([[-0.2730797 , -4.06438718, -0.14628136]]), 'b2': array([[-0.09321522]])}
 {'W1': array([[-0.01388451,  0.00399623,  0.0133973 ],
       [ 0.00264997, -0.01023236,  0.01216297],
       [ 0.0019988 , -0.00502378, -0.01012278]]), 'b1': array([[ 0.12264973],
       [ 0.11363573],
       [-0.49562153]]), 'W2': array([[ 2.5027751 ,  0.72817931, -0.87051396]]), 'b2': array([[0.0195341]])}]
2018-09-21 19:40:31,936 : -------------------------------------------------------
2018-09-21 19:41:31,056 : [{'W1': array([[ 0.0141774 ,  0.00083962,  0.00914338],
       [-0.00272785, -0.00765649, -0.00666365],
       [ 0.00777332, -0.0146341 ,  0.00097001]]), 'W2': array([[ 0.90675356, -1.02546606, -0.53587572]]), 'b1': array([[ 0.34228999],
       [-0.50461262],
       [ 0.60608148]]), 'b2': array([[-0.22978937]])}
 {'W1': array([[ 0.0141774 , -0.0035899 ,  0.00914338],
       [-0.00272785, -0.00765649, -0.00666365],
       [ 0.00777332, -0.0146341 ,  0.00097001]]), 'W2': array([[ 0.78315173, -1.02546606, -0.53587572]]), 'b1': array([[ 0.34228999],
       [-0.50461262],
       [ 0.60608148]]), 'b2': array([[-0.22978937]])}
 {'W1': array([[-0.00490301,  0.00621315, -0.01768096],
       [-0.00202513, -0.00415265,  0.00744616],
       [ 0.00225703,  0.01390124, -0.00700156]]), 'W2': array([[-1.69260148, -0.6615956 ,  2.12383758]]), 'b1': array([[-0.28128378],
       [-0.93380092],
       [ 0.64014165]]), 'b2': array([[0.13261788]])}
 {'W1': array([[-2.93955019e-02, -9.42993672e-04, -8.28547804e-03],
       [-6.19634340e-03, -1.31065620e-03, -8.12851978e-03],
       [ 1.06312171e-03,  6.18394234e-05,  2.41228465e-03]]), 'W2': array([[-0.2730797 , -4.06438718, -0.14628136]]), 'b1': array([[ 0.16887403],
       [-0.54513574],
       [-0.17086576]]), 'b2': array([[-0.09321522]])}]
2018-09-21 19:41:31,112 : -------------------------------------------------------
2018-09-21 19:42:46,071 : [{'W1': array([[ 0.0141774 ,  0.00083962,  0.00914338],
       [-0.00202513, -0.00415265,  0.01573958],
       [-0.00105448,  0.01390124, -0.00916328]]), 'W2': array([[-1.69260148, -0.6615956 ,  2.12383758]]), 'b1': array([[ 0.34228999],
       [-0.50461262],
       [ 0.60608148]]), 'b2': array([[-0.22978937]])}
 {'W1': array([[ 1.41774000e-02, -4.17664042e-05,  9.14338000e-03],
       [-2.72785000e-03, -7.65649000e-03, -6.66365000e-03],
       [ 7.77332000e-03, -1.46341000e-02,  9.70010000e-04]]), 'W2': array([[ 0.90675356, -1.02546606, -0.53587572]]), 'b1': array([[ 0.34228999],
       [-0.50461262],
       [ 0.60608148]]), 'b2': array([[-0.22978937]])}
 {'W1': array([[ 0.0141774 ,  0.00083962,  0.00914338],
       [-0.00272785, -0.00765649, -0.00666365],
       [ 0.00777332, -0.0146341 ,  0.00097001]]), 'W2': array([[ 0.90675356, -1.02546606, -0.53587572]]), 'b1': array([[ 0.34228999],
       [-0.50461262],
       [ 0.60608148]]), 'b2': array([[-0.22978937]])}
 {'W1': array([[ 0.0141774 , -0.0035899 ,  0.00914338],
       [-0.00272785, -0.00765649, -0.00666365],
       [ 0.00777332, -0.0146341 ,  0.00097001]]), 'W2': array([[ 0.78315173, -1.02546606, -0.53587572]]), 'b1': array([[ 0.34228999],
       [-0.50461262],
       [ 0.60608148]]), 'b2': array([[-0.22978937]])}]
2018-09-21 19:42:46,178 : -------------------------------------------------------
2018-09-21 19:45:07,356 : [{'W1': array([[ 0.0141774 , -0.00041873,  0.00914338],
       [-0.00272785, -0.00765649, -0.00666365],
       [ 0.00777332,  0.01390124, -0.00916328]]), 'W2': array([[-1.69260148, -0.6615956 ,  2.12383758]]), 'b1': array([[ 0.34228999],
       [-0.35960951],
       [ 0.60608148]]), 'b2': array([[-0.22978937]])}
 {'W1': array([[ 0.0141774 ,  0.00083962,  0.00914338],
       [-0.00202513, -0.00415265,  0.01573958],
       [-0.00105448,  0.01390124, -0.00916328]]), 'W2': array([[-1.69260148, -0.6615956 ,  2.12383758]]), 'b1': array([[ 0.34228999],
       [-0.50461262],
       [ 0.60608148]]), 'b2': array([[-0.22978937]])}
 {'W1': array([[ 1.41774000e-02, -4.17664042e-05,  9.14338000e-03],
       [-2.72785000e-03, -7.65649000e-03, -6.66365000e-03],
       [ 7.77332000e-03, -1.46341000e-02,  9.70010000e-04]]), 'W2': array([[ 0.78315173, -1.02546606,  0.23814075]]), 'b1': array([[ 0.34228999],
       [-0.50461262],
       [ 0.60608148]]), 'b2': array([[-0.22978937]])}
 {'W1': array([[ 1.41774000e-02, -4.17664042e-05,  9.14338000e-03],
       [-2.72785000e-03, -7.65649000e-03, -6.66365000e-03],
       [ 7.77332000e-03, -1.46341000e-02,  9.70010000e-04]]), 'W2': array([[ 0.90675356, -1.02546606, -0.53587572]]), 'b1': array([[ 0.34228999],
       [-0.50461262],
       [ 0.60608148]]), 'b2': array([[-0.22978937]])}]
2018-09-21 19:45:07,462 : -------------------------------------------------------
2018-09-21 19:50:29,278 : [{'W1': array([[ 0.0141774 , -0.00041873,  0.00914338],
       [-0.00272785, -0.00765649, -0.00666365],
       [ 0.00777332,  0.01390124, -0.00916328]]), 'W2': array([[-1.69260148, -0.6615956 ,  2.12383758]]), 'b1': array([[ 0.34228999],
       [-0.35960951],
       [ 0.60608148]]), 'b2': array([[-0.22978937]])}
 {'W1': array([[ 0.0141774 , -0.00041873,  0.00914338],
       [-0.00272785, -0.00765649, -0.00666365],
       [ 0.00777332,  0.01390124, -0.00916328]]), 'W2': array([[-1.69260148, -0.6615956 ,  2.12383758]]), 'b1': array([[ 0.34228999],
       [-0.35960951],
       [ 0.60608148]]), 'b2': array([[-0.22978937]])}
 {'W1': array([[ 0.0141774 ,  0.00083962,  0.00362533],
       [-0.00202513, -0.00415265,  0.01573958],
       [-0.00105448,  0.01390124, -0.00916328]]), 'W2': array([[-1.69260148, -0.6615956 ,  2.12383758]]), 'b1': array([[ 0.34228999],
       [-0.50461262],
       [ 0.60608148]]), 'b2': array([[-0.22978937]])}
 {'W1': array([[ 0.0141774 ,  0.00083962,  0.00914338],
       [-0.00202513, -0.00415265,  0.01573958],
       [-0.00105448,  0.01390124, -0.00916328]]), 'W2': array([[-1.69260148, -0.6615956 ,  2.12383758]]), 'b1': array([[ 0.34228999],
       [-0.50461262],
       [ 0.60608148]]), 'b2': array([[-0.22978937]])}]
2018-09-21 19:50:29,384 : -------------------------------------------------------
