2018-09-21 19:26:51,089 : Start
2018-09-21 19:26:56,198 : -------------------------------------------------------
2018-09-21 19:27:03,036 : Generation: 0
2018-09-21 19:27:03,038 : a new day has come
2018-09-21 19:28:04,045 : [1, 1, 1, 1, 1, 1, 1, 1, 1, 1, 1, 1]
2018-09-21 19:28:04,047 : [0 1 2 3]
2018-09-21 19:28:04,049 : generating next gen
2018-09-21 19:28:04,125 : 
2018-09-21 19:28:04,127 : -------------------------------------------------------
2018-09-21 19:28:04,130 : Generation: 1
2018-09-21 19:28:04,131 : a new day has come
2018-09-21 19:29:01,167 : [1, 1, 1, 1, 1, 1, 1, 1, 1, 1, 1, 1]
2018-09-21 19:29:01,168 : [0 1 2 3]
2018-09-21 19:29:01,171 : generating next gen
2018-09-21 19:29:01,246 : 
2018-09-21 19:29:01,248 : -------------------------------------------------------
2018-09-21 19:29:01,252 : Generation: 2
2018-09-21 19:29:01,253 : a new day has come
2018-09-21 19:29:57,954 : [1, 1, 1, 1, 1, 1, 1, 1, 1, 1, 1, 1]
2018-09-21 19:29:57,956 : [0 1 2 3]
2018-09-21 19:29:57,959 : generating next gen
2018-09-21 19:29:58,033 : 
2018-09-21 19:29:58,034 : -------------------------------------------------------
2018-09-21 19:29:58,038 : Generation: 3
2018-09-21 19:29:58,039 : a new day has come
2018-09-21 19:30:54,775 : [1, 1, 1, 1, 1, 1, 1, 1, 1, 1, 1, 1]
2018-09-21 19:30:54,776 : [0 1 2 3]
2018-09-21 19:30:54,779 : generating next gen
2018-09-21 19:30:54,858 : 
2018-09-21 19:30:54,859 : -------------------------------------------------------
2018-09-21 19:30:54,863 : Generation: 4
2018-09-21 19:30:54,865 : a new day has come
2018-09-21 19:31:51,413 : [1, 1, 1, 1, 1, 1, 1, 1, 1, 1, 1, 1]
2018-09-21 19:31:51,414 : [0 1 2 3]
2018-09-21 19:31:51,417 : generating next gen
2018-09-21 19:31:51,491 : 
2018-09-21 19:31:51,492 : -------------------------------------------------------
2018-09-21 19:31:51,496 : Generation: 5
2018-09-21 19:31:51,497 : a new day has come
2018-09-21 19:32:48,300 : [1, 1, 1, 1, 1, 1, 1, 1, 1, 1, 1, 1]
2018-09-21 19:32:48,301 : [0 1 2 3]
2018-09-21 19:32:48,304 : generating next gen
2018-09-21 19:32:48,379 : 
2018-09-21 19:32:48,381 : -------------------------------------------------------
2018-09-21 19:32:48,384 : Generation: 6
2018-09-21 19:32:48,386 : a new day has come
2018-09-21 19:33:45,204 : [1, 1, 1, 1, 1, 1, 1, 1, 1, 1, 1, 1]
2018-09-21 19:33:45,205 : [0 1 2 3]
2018-09-21 19:33:45,208 : generating next gen
2018-09-21 19:33:45,283 : 
2018-09-21 19:33:45,284 : -------------------------------------------------------
2018-09-21 19:33:45,288 : Generation: 7
2018-09-21 19:33:45,289 : a new day has come
20946]])}
 {'W1': array([[-0.01456066,  0.00160231, -0.00492431],
       [-0.01808372, -0.01023479,  0.01105041],
       [ 0.00194311,  0.02031086, -0.00154189]]), 'W2': array([[-3.52814821, -2.02430196, -2.14088238]]), 'b1': array([[-0.92156708],
       [ 0.03576333],
       [-0.15872117]]), 'b2': array([[0.17716317]])}
 {'W1': array([[ 0.01991061,  0.01177727,  0.00697757],
       [ 0.0127229 , -0.00278891,  0.00584056],
       [ 0.01767562,  0.00092449, -0.01159345]]), 'W2': array([[-0.20006266,  0.35939322, -0.36114771]]), 'b1': array([[-0.21111756],
       [-1.06340691],
       [ 0.44048783]]), 'b2': array([[0.01618294]])}
 {'W1': array([[ 0.00219043, -0.00790806,  0.02062193],
       [ 0.00952135,  0.00168245, -0.01107139],
       [ 0.01148164,  0.02091301, -0.01210842]]), 'W2': array([[ 1.95883555,  3.13287804, -1.41545604]]), 'b1': array([[-0.03963678],
       [ 0.33794008],
       [-0.63498736]]), 'b2': array([[-0.1684063]])}]
2018-09-21 19:29:01,246 INFO 
2018-09-21 19:29:01,248 INFO -------------------------------------------------------
2018-09-21 19:29:01,249 INFO -------------------------------------------------------
2018-09-21 19:29:01,252 INFO Generation: 2
2018-09-21 19:29:01,253 INFO a new day has come
2018-09-21 19:29:57,954 INFO [1, 1, 1, 1, 1, 1, 1, 1, 1, 1, 1, 1]
2018-09-21 19:29:57,956 INFO [0 1 2 3]
2018-09-21 19:29:57,959 INFO generating next gen
2018-09-21 19:29:57,979 INFO [{'W1': array([[ 0.00549871,  0.00120883,  0.00656211],
       [ 0.00473928, -0.0013888 , -0.00269297],
       [-0.00731052, -0.00853274,  0.00387055]]), 'W2': array([[-1.91208383,  1.08273243, -0.55698116]]), 'b1': array([[0.55361616],
       [0.2544262 ],
       [0.40216279]]), 'b2': array([[-0.11020946]])}
 {'W1': array([[-0.01456066,  0.00160231, -0.00492431],
       [-0.01808372, -0.01023479,  0.01105041],
       [ 0.00194311,  0.02031086, -0.00154189]]), 'W2': array([[-3.52814821, -2.02430196, -2.14088238]]), 'b1': array([[-0.92156708],
       [ 0.03576333],
       [-0.15872117]]), 'b2': array([[0.17716317]])}
 {'W1': array([[ 0.01991061,  0.01177727,  0.00697757],
       [ 0.0127229 , -0.00278891,  0.00584056],
       [ 0.01767562,  0.00092449, -0.01159345]]), 'W2': array([[-0.20006266,  0.35939322, -0.36114771]]), 'b1': array([[-0.21111756],
       [-1.06340691],
       [ 0.44048783]]), 'b2': array([[0.01618294]])}
 {'W1': array([[ 0.00219043, -0.00790806,  0.02062193],
       [ 0.00952135,  0.00168245, -0.01107139],
       [ 0.01148164,  0.02091301, -0.01210842]]), 'W2': array([[ 1.95883555,  3.13287804, -1.41545604]]), 'b1': array([[-0.03963678],
       [ 0.33794008],
       [-0.63498736]]), 'b2': array([[-0.1684063]])}]
2018-09-21 19:29:58,033 INFO 
2018-09-21 19:29:58,034 INFO -------------------------------------------------------
2018-09-21 19:29:58,036 INFO -------------------------------------------------------
2018-09-21 19:29:58,038 INFO Generation: 3
2018-09-21 19:29:58,039 INFO a new day has come
2018-09-21 19:30:54,775 INFO [1, 1, 1, 1, 1, 1, 1, 1, 1, 1, 1, 1]
2018-09-21 19:30:54,776 INFO [0 1 2 3]
2018-09-21 19:30:54,779 INFO generating next gen
2018-09-21 19:30:54,801 INFO [{'W1': array([[ 0.00549871,  0.00120883,  0.00656211],
       [ 0.00473928, -0.0013888 , -0.00269297],
       [-0.00731052, -0.00853274,  0.00387055]]), 'W2': array([[-1.91208383,  1.08273243, -0.55698116]]), 'b1': array([[0.55361616],
       [0.2544262 ],
       [0.40216279]]), 'b2': array([[-0.11020946]])}
 {'W1': array([[-0.01456066,  0.00160231, -0.00492431],
       [-0.01808372, -0.01023479,  0.01105041],
       [ 0.00194311,  0.02031086, -0.00154189]]), 'W2': array([[-3.52814821, -2.02430196, -2.14088238]]), 'b1': array([[-0.92156708],
       [ 0.03576333],
       [-0.15872117]]), 'b2': array([[0.17716317]])}
 {'W1': array([[ 0.01991061,  0.01177727,  0.00697757],
       [ 0.0127229 , -0.00278891,  0.00584056],
       [ 0.01767562,  0.00092449, -0.01159345]]), 'W2': array([[-0.20006266,  0.35939322, -0.36114771]]), 'b1': array([[-0.21111756],
       [-1.06340691],
       [ 0.44048783]]), 'b2': array([[0.01618294]])}
 {'W1': array([[ 0.00219043, -0.00790806,  0.02062193],
       [ 0.00952135,  0.00168245, -0.01107139],
       [ 0.01148164,  0.02091301, -0.01210842]]), 'W2': array([[ 1.95883555,  3.13287804, -1.41545604]]), 'b1': array([[-0.03963678],
       [ 0.33794008],
       [-0.63498736]]), 'b2': array([[-0.1684063]])}]
2018-09-21 19:30:54,858 INFO 
2018-09-21 19:30:54,859 INFO -------------------------------------------------------
2018-09-21 19:30:54,860 INFO -------------------------------------------------------
2018-09-21 19:30:54,863 INFO Generation: 4
2018-09-21 19:30:54,865 INFO a new day has come
2018-09-21 19:31:51,413 INFO [1, 1, 1, 1, 1, 1, 1, 1, 1, 1, 1, 1]
2018-09-21 19:31:51,414 INFO [0 1 2 3]
2018-09-21 19:31:51,417 INFO generating next gen
2018-09-21 19:31:51,438 INFO [{'W1': array([[ 0.00549871,  0.00120883,  0.00656211],
       [ 0.00473928, -0.0013888 , -0.00269297],
       [-0.00731052, -0.00853274,  0.00387055]]), 'W2': array([[-1.91208383,  1.08273243, -0.55698116]]), 'b1': array([[0.55361616],
       [0.2544262 ],
       [0.40216279]]), 'b2': array([[-0.11020946]])}
 {'W1': array([[-0.01456066,  0.00160231, -0.00492431],
       [-0.01808372, -0.01023479,  0.01105041],
       [ 0.00194311,  0.02031086, -0.00154189]]), 'W2': array([[-3.52814821, -2.02430196, -2.14088238]]), 'b1': array([[-0.92156708],
       [ 0.03576333],
       [-0.15872117]]), 'b2': array([[0.17716317]])}
 {'W1': array([[ 0.01991061,  0.01177727,  0.00697757],
       [ 0.0127229 , -0.00278891,  0.00584056],
       [ 0.01767562,  0.00092449, -0.01159345]]), 'W2': array([[-0.20006266,  0.35939322, -0.36114771]]), 'b1': array([[-0.21111756],
       [-1.06340691],
       [ 0.44048783]]), 'b2': array([[0.01618294]])}
 {'W1': array([[ 0.00219043, -0.00790806,  0.02062193],
       [ 0.00952135,  0.00168245, -0.01107139],
       [ 0.01148164,  0.02091301, -0.01210842]]), 'W2': array([[ 1.95883555,  3.13287804, -1.41545604]]), 'b1': array([[-0.03963678],
       [ 0.33794008],
       [-0.63498736]]), 'b2': array([[-0.1684063]])}]
2018-09-21 19:31:51,491 INFO 
2018-09-21 19:31:51,492 INFO -------------------------------------------------------
2018-09-21 19:31:51,494 INFO -------------------------------------------------------
2018-09-21 19:31:51,496 INFO Generation: 5
2018-09-21 19:31:51,497 INFO a new day has come
2018-09-21 19:32:48,300 INFO [1, 1, 1, 1, 1, 1, 1, 1, 1, 1, 1, 1]
2018-09-21 19:32:48,301 INFO [0 1 2 3]
2018-09-21 19:32:48,304 INFO generating next gen
2018-09-21 19:32:48,325 INFO [{'W1': array([[ 0.00549871,  0.00120883,  0.00656211],
       [ 0.00473928, -0.0013888 , -0.00269297],
       [-0.00731052, -0.00853274,  0.00387055]]), 'W2': array([[-1.91208383,  1.08273243, -0.55698116]]), 'b1': array([[0.55361616],
       [0.2544262 ],
       [0.40216279]]), 'b2': array([[-0.11020946]])}
 {'W1': array([[-0.01456066,  0.00160231, -0.00492431],
       [-0.01808372, -0.01023479,  0.01105041],
       [ 0.00194311,  0.02031086, -0.00154189]]), 'W2': array([[-3.52814821, -2.02430196, -2.14088238]]), 'b1': array([[-0.92156708],
       [ 0.03576333],
       [-0.15872117]]), 'b2': array([[0.17716317]])}
 {'W1': array([[ 0.01991061,  0.01177727,  0.00697757],
       [ 0.0127229 , -0.00278891,  0.00584056],
       [ 0.01767562,  0.00092449, -0.01159345]]), 'W2': array([[-0.20006266,  0.35939322, -0.36114771]]), 'b1': array([[-0.21111756],
       [-1.06340691],
       [ 0.44048783]]), 'b2': array([[0.01618294]])}
 {'W1': array([[ 0.00219043, -0.00790806,  0.02062193],
       [ 0.00952135,  0.00168245, -0.01107139],
       [ 0.01148164,  0.02091301, -0.01210842]]), 'W2': array([[ 1.95883555,  3.13287804, -1.41545604]]), 'b1': array([[-0.03963678],
       [ 0.33794008],
       [-0.63498736]]), 'b2': array([[-0.1684063]])}]
2018-09-21 19:32:48,379 INFO 
2018-09-21 19:32:48,381 INFO -------------------------------------------------------
2018-09-21 19:32:48,382 INFO -------------------------------------------------------
2018-09-21 19:32:48,384 INFO Generation: 6
2018-09-21 19:32:48,386 INFO a new day has come
2018-09-21 19:33:45,204 INFO [1, 1, 1, 1, 1, 1, 1, 1, 1, 1, 1, 1]
2018-09-21 19:33:45,205 INFO [0 1 2 3]
2018-09-21 19:33:45,208 INFO generating next gen
2018-09-21 19:33:45,230 INFO [{'W1': array([[ 0.00549871,  0.00120883,  0.00656211],
       [ 0.00473928, -0.0013888 , -0.00269297],
       [-0.00731052, -0.00853274,  0.00387055]]), 'W2': array([[-1.91208383,  1.08273243, -0.55698116]]), 'b1': array([[0.55361616],
       [0.2544262 ],
       [0.40216279]]), 'b2': array([[-0.11020946]])}
 {'W1': array([[-0.01456066,  0.00160231, -0.00492431],
       [-0.01808372, -0.01023479,  0.01105041],
       [ 0.00194311,  0.02031086, -0.00154189]]), 'W2': array([[-3.52814821, -2.02430196, -2.14088238]]), 'b1': array([[-0.92156708],
       [ 0.03576333],
       [-0.15872117]]), 'b2': array([[0.17716317]])}
 {'W1': array([[ 0.01991061,  0.01177727,  0.00697757],
       [ 0.0127229 , -0.00278891,  0.00584056],
       [ 0.01767562,  0.00092449, -0.01159345]]), 'W2': array([[-0.20006266,  0.35939322, -0.36114771]]), 'b1': array([[-0.21111756],
       [-1.06340691],
       [ 0.44048783]]), 'b2': array([[0.01618294]])}
 {'W1': array([[ 0.00219043, -0.00790806,  0.02062193],
       [ 0.00952135,  0.00168245, -0.01107139],
       [ 0.01148164,  0.02091301, -0.01210842]]), 'W2': array([[ 1.95883555,  3.13287804, -1.41545604]]), 'b1': array([[-0.03963678],
       [ 0.33794008],
       [-0.63498736]]), 'b2': array([[-0.1684063]])}]
2018-09-21 19:33:45,283 INFO 
2018-09-21 19:33:45,284 INFO -------------------------------------------------------
2018-09-21 19:33:45,286 INFO -------------------------------------------------------
2018-09-21 19:33:45,288 INFO Generation: 7
2018-09-21 19:33:45,289 INFO a new day has come
