2018-09-20 20:31:54,728 : Start
2018-09-20 20:31:54,731 : -------------------------------------------------------
2018-09-20 20:38:58,447 : [{'W1': array([[ 0.00034899,  0.00521092,  0.00476883],
       [ 0.00354141,  0.00266417,  0.00569753],
       [-0.00261938, -0.01274587,  0.00574506]]), 'b1': array([[-0.15107951],
       [ 0.1764972 ],
       [ 0.68487154]]), 'W2': array([[1.37429023, 1.97261688, 0.46918749]]), 'b2': array([[-0.04552095]])}
 {'W1': array([[ 0.01344396, -0.01378674,  0.00921574],
       [-0.0105435 ,  0.0064483 ,  0.01179781],
       [ 0.00709482, -0.00578558,  0.01162795]]), 'b1': array([[-0.66219119],
       [-0.24550364],
       [ 0.45028634]]), 'W2': array([[-1.90574674,  1.75821774,  1.89653864]]), 'b2': array([[0.0024228]])}
 {'W1': array([[ 0.00874358, -0.00459293, -0.00855951],
       [ 0.00251788, -0.00016001,  0.00864783],
       [-0.00746759, -0.00424025,  0.00166119]]), 'b1': array([[ 0.52672334],
       [-0.25198715],
       [ 0.30472058]]), 'W2': array([[-0.34900718,  0.19354578,  0.91660327]]), 'b2': array([[-0.01566741]])}
 {'W1': array([[ 0.00871264,  0.02617208, -0.00715482],
       [-0.01904275, -0.00377828, -0.00030352],
       [ 0.00178928,  0.00087892, -0.00305589]]), 'b1': array([[-0.21882426],
       [ 0.06602562],
       [-0.47421139]]), 'W2': array([[0.04378655, 1.46295165, 0.66398092]]), 'b2': array([[-0.16718395]])}]
2018-09-20 20:38:58,510 : -------------------------------------------------------
